{"/Users/zachkysar/git/scaffold/src/cli/commands/clean.command.ts": {"path":"/Users/zachkysar/git/scaffold/src/cli/commands/clean.command.ts","statementMap":{"0":{"start":{"line":18,"column":0},"end":{"line":18,"column":16}},"1":{"start":{"line":6,"column":0},"end":{"line":6,"column":36}},"2":{"start":{"line":7,"column":0},"end":{"line":7,"column":26}},"3":{"start":{"line":8,"column":0},"end":{"line":8,"column":51}},"4":{"start":{"line":19,"column":18},"end":{"line":19,"column":38}},"5":{"start":{"line":21,"column":2},"end":{"line":35,"column":7}},"6":{"start":{"line":29,"column":6},"end":{"line":34,"column":7}},"7":{"start":{"line":30,"column":8},"end":{"line":30,"column":42}},"8":{"start":{"line":32,"column":8},"end":{"line":32,"column":99}},"9":{"start":{"line":33,"column":8},"end":{"line":33,"column":24}},"10":{"start":{"line":37,"column":2},"end":{"line":37,"column":17}},"11":{"start":{"line":41,"column":18},"end":{"line":41,"column":42}},"12":{"start":{"line":42,"column":17},"end":{"line":42,"column":40}},"13":{"start":{"line":44,"column":2},"end":{"line":46,"column":3}},"14":{"start":{"line":45,"column":4},"end":{"line":45,"column":80}},"15":{"start":{"line":48,"column":28},"end":{"line":48,"column":51}},"16":{"start":{"line":51,"column":17},"end":{"line":51,"column":37}},"17":{"start":{"line":52,"column":19},"end":{"line":52,"column":44}},"18":{"start":{"line":53,"column":18},"end":{"line":53,"column":42}},"19":{"start":{"line":56,"column":2},"end":{"line":58,"column":3}},"20":{"start":{"line":57,"column":4},"end":{"line":57,"column":21}},"21":{"start":{"line":60,"column":33},"end":{"line":60,"column":35}},"22":{"start":{"line":62,"column":2},"end":{"line":112,"column":3}},"23":{"start":{"line":63,"column":4},"end":{"line":65,"column":5}},"24":{"start":{"line":64,"column":6},"end":{"line":64,"column":61}},"25":{"start":{"line":67,"column":4},"end":{"line":69,"column":5}},"26":{"start":{"line":68,"column":6},"end":{"line":68,"column":60}},"27":{"start":{"line":71,"column":4},"end":{"line":77,"column":5}},"28":{"start":{"line":72,"column":6},"end":{"line":72,"column":58}},"29":{"start":{"line":73,"column":6},"end":{"line":75,"column":9}},"30":{"start":{"line":74,"column":8},"end":{"line":74,"column":47}},"31":{"start":{"line":76,"column":6},"end":{"line":76,"column":13}},"32":{"start":{"line":79,"column":4},"end":{"line":79,"column":58}},"33":{"start":{"line":81,"column":23},"end":{"line":81,"column":24}},"34":{"start":{"line":83,"column":4},"end":{"line":87,"column":5}},"35":{"start":{"line":84,"column":6},"end":{"line":84,"column":61}},"36":{"start":{"line":86,"column":6},"end":{"line":86,"column":57}},"37":{"start":{"line":89,"column":4},"end":{"line":93,"column":5}},"38":{"start":{"line":90,"column":6},"end":{"line":90,"column":57}},"39":{"start":{"line":92,"column":6},"end":{"line":92,"column":58}},"40":{"start":{"line":95,"column":4},"end":{"line":100,"column":5}},"41":{"start":{"line":96,"column":6},"end":{"line":96,"column":68}},"42":{"start":{"line":97,"column":6},"end":{"line":97,"column":62}},"43":{"start":{"line":99,"column":6},"end":{"line":99,"column":60}},"44":{"start":{"line":103,"column":4},"end":{"line":110,"column":5}},"45":{"start":{"line":104,"column":6},"end":{"line":104,"column":96}},"46":{"start":{"line":105,"column":6},"end":{"line":105,"column":46}},"47":{"start":{"line":106,"column":6},"end":{"line":108,"column":9}},"48":{"start":{"line":107,"column":8},"end":{"line":107,"column":47}},"49":{"start":{"line":109,"column":6},"end":{"line":109,"column":13}},"50":{"start":{"line":111,"column":4},"end":{"line":111,"column":16}},"51":{"start":{"line":117,"column":20},"end":{"line":119,"column":68}},"52":{"start":{"line":121,"column":2},"end":{"line":126,"column":3}},"53":{"start":{"line":122,"column":4},"end":{"line":122,"column":82}},"54":{"start":{"line":123,"column":4},"end":{"line":125,"column":7}},"55":{"start":{"line":124,"column":6},"end":{"line":124,"column":45}},"56":{"start":{"line":129,"column":2},"end":{"line":129,"column":57}},"57":{"start":{"line":129,"column":31},"end":{"line":129,"column":55}},"58":{"start":{"line":131,"column":2},"end":{"line":131,"column":26}}},"fnMap":{"0":{"name":"createCleanCommand","decl":{"start":{"line":18,"column":16},"end":{"line":18,"column":34}},"loc":{"start":{"line":18,"column":34},"end":{"line":38,"column":1}}},"1":{"name":"(anonymous_2)","decl":{"start":{"line":28,"column":12},"end":{"line":28,"column":17}},"loc":{"start":{"line":28,"column":51},"end":{"line":35,"column":5}}},"2":{"name":"handleCleanCommand","decl":{"start":{"line":40,"column":15},"end":{"line":40,"column":33}},"loc":{"start":{"line":40,"column":62},"end":{"line":113,"column":1}}},"3":{"name":"(anonymous_4)","decl":{"start":{"line":73,"column":27},"end":{"line":73,"column":33}},"loc":{"start":{"line":73,"column":36},"end":{"line":75,"column":7}}},"4":{"name":"(anonymous_5)","decl":{"start":{"line":106,"column":27},"end":{"line":106,"column":33}},"loc":{"start":{"line":106,"column":36},"end":{"line":108,"column":7}}},"5":{"name":"mockCleanup","decl":{"start":{"line":115,"column":15},"end":{"line":115,"column":26}},"loc":{"start":{"line":115,"column":67},"end":{"line":132,"column":1}}},"6":{"name":"(anonymous_7)","decl":{"start":{"line":123,"column":22},"end":{"line":123,"column":26}},"loc":{"start":{"line":123,"column":29},"end":{"line":125,"column":5}}},"7":{"name":"(anonymous_8)","decl":{"start":{"line":129,"column":20},"end":{"line":129,"column":27}},"loc":{"start":{"line":129,"column":31},"end":{"line":129,"column":55}}}},"branchMap":{"0":{"loc":{"start":{"line":32,"column":43},"end":{"line":32,"column":97}},"type":"cond-expr","locations":[{"start":{"line":32,"column":68},"end":{"line":32,"column":81}},{"start":{"line":32,"column":84},"end":{"line":32,"column":97}}]},"1":{"loc":{"start":{"line":41,"column":18},"end":{"line":41,"column":42}},"type":"binary-expr","locations":[{"start":{"line":41,"column":18},"end":{"line":41,"column":33}},{"start":{"line":41,"column":37},"end":{"line":41,"column":42}}]},"2":{"loc":{"start":{"line":42,"column":17},"end":{"line":42,"column":40}},"type":"binary-expr","locations":[{"start":{"line":42,"column":17},"end":{"line":42,"column":31}},{"start":{"line":42,"column":35},"end":{"line":42,"column":40}}]},"3":{"loc":{"start":{"line":44,"column":2},"end":{"line":46,"column":3}},"type":"if","locations":[{"start":{"line":44,"column":2},"end":{"line":46,"column":3}}]},"4":{"loc":{"start":{"line":51,"column":17},"end":{"line":51,"column":37}},"type":"binary-expr","locations":[{"start":{"line":51,"column":17},"end":{"line":51,"column":28}},{"start":{"line":51,"column":32},"end":{"line":51,"column":37}}]},"5":{"loc":{"start":{"line":52,"column":19},"end":{"line":52,"column":44}},"type":"binary-expr","locations":[{"start":{"line":52,"column":19},"end":{"line":52,"column":32}},{"start":{"line":52,"column":36},"end":{"line":52,"column":44}}]},"6":{"loc":{"start":{"line":53,"column":18},"end":{"line":53,"column":42}},"type":"binary-expr","locations":[{"start":{"line":53,"column":18},"end":{"line":53,"column":30}},{"start":{"line":53,"column":34},"end":{"line":53,"column":42}}]},"7":{"loc":{"start":{"line":56,"column":2},"end":{"line":58,"column":3}},"type":"if","locations":[{"start":{"line":56,"column":2},"end":{"line":58,"column":3}}]},"8":{"loc":{"start":{"line":56,"column":6},"end":{"line":56,"column":31}},"type":"binary-expr","locations":[{"start":{"line":56,"column":6},"end":{"line":56,"column":17}},{"start":{"line":56,"column":21},"end":{"line":56,"column":31}}]},"9":{"loc":{"start":{"line":63,"column":4},"end":{"line":65,"column":5}},"type":"if","locations":[{"start":{"line":63,"column":4},"end":{"line":65,"column":5}}]},"10":{"loc":{"start":{"line":67,"column":4},"end":{"line":69,"column":5}},"type":"if","locations":[{"start":{"line":67,"column":4},"end":{"line":69,"column":5}}]},"11":{"loc":{"start":{"line":71,"column":4},"end":{"line":77,"column":5}},"type":"if","locations":[{"start":{"line":71,"column":4},"end":{"line":77,"column":5}}]},"12":{"loc":{"start":{"line":83,"column":4},"end":{"line":87,"column":5}},"type":"if","locations":[{"start":{"line":83,"column":4},"end":{"line":87,"column":5}}]},"13":{"loc":{"start":{"line":89,"column":4},"end":{"line":93,"column":5}},"type":"if","locations":[{"start":{"line":89,"column":4},"end":{"line":93,"column":5}}]},"14":{"loc":{"start":{"line":95,"column":4},"end":{"line":100,"column":5}},"type":"if","locations":[{"start":{"line":95,"column":4},"end":{"line":100,"column":5}},{"start":{"line":98,"column":11},"end":{"line":100,"column":5}}]},"15":{"loc":{"start":{"line":103,"column":4},"end":{"line":110,"column":5}},"type":"if","locations":[{"start":{"line":103,"column":4},"end":{"line":110,"column":5}}]},"16":{"loc":{"start":{"line":103,"column":8},"end":{"line":103,"column":69}},"type":"binary-expr","locations":[{"start":{"line":103,"column":8},"end":{"line":103,"column":30}},{"start":{"line":103,"column":34},"end":{"line":103,"column":69}}]},"17":{"loc":{"start":{"line":117,"column":20},"end":{"line":119,"column":68}},"type":"cond-expr","locations":[{"start":{"line":118,"column":6},"end":{"line":118,"column":61}},{"start":{"line":119,"column":6},"end":{"line":119,"column":68}}]},"18":{"loc":{"start":{"line":121,"column":2},"end":{"line":126,"column":3}},"type":"if","locations":[{"start":{"line":121,"column":2},"end":{"line":126,"column":3}}]}},"s":{"0":0,"1":0,"2":0,"3":0,"4":0,"5":0,"6":0,"7":0,"8":0,"9":0,"10":0,"11":0,"12":0,"13":0,"14":0,"15":0,"16":0,"17":0,"18":0,"19":0,"20":0,"21":0,"22":0,"23":0,"24":0,"25":0,"26":0,"27":0,"28":0,"29":0,"30":0,"31":0,"32":0,"33":0,"34":0,"35":0,"36":0,"37":0,"38":0,"39":0,"40":0,"41":0,"42":0,"43":0,"44":0,"45":0,"46":0,"47":0,"48":0,"49":0,"50":0,"51":0,"52":0,"53":0,"54":0,"55":0,"56":0,"57":0,"58":0},"f":{"0":0,"1":0,"2":0,"3":0,"4":0,"5":0,"6":0,"7":0},"b":{"0":[0,0],"1":[0,0],"2":[0,0],"3":[0],"4":[0,0],"5":[0,0],"6":[0,0],"7":[0],"8":[0,0],"9":[0],"10":[0],"11":[0],"12":[0],"13":[0],"14":[0,0],"15":[0],"16":[0,0],"17":[0,0],"18":[0]}}
,"/Users/zachkysar/git/scaffold/src/cli/commands/config.command.ts": {"path":"/Users/zachkysar/git/scaffold/src/cli/commands/config.command.ts","statementMap":{"0":{"start":{"line":18,"column":0},"end":{"line":18,"column":16}},"1":{"start":{"line":6,"column":0},"end":{"line":6,"column":36}},"2":{"start":{"line":7,"column":0},"end":{"line":7,"column":26}},"3":{"start":{"line":8,"column":0},"end":{"line":8,"column":54}},"4":{"start":{"line":19,"column":18},"end":{"line":19,"column":39}},"5":{"start":{"line":21,"column":2},"end":{"line":38,"column":7}},"6":{"start":{"line":32,"column":6},"end":{"line":37,"column":7}},"7":{"start":{"line":33,"column":8},"end":{"line":33,"column":63}},"8":{"start":{"line":35,"column":8},"end":{"line":35,"column":99}},"9":{"start":{"line":36,"column":8},"end":{"line":36,"column":24}},"10":{"start":{"line":40,"column":2},"end":{"line":40,"column":17}},"11":{"start":{"line":44,"column":18},"end":{"line":44,"column":42}},"12":{"start":{"line":45,"column":17},"end":{"line":45,"column":40}},"13":{"start":{"line":47,"column":2},"end":{"line":52,"column":3}},"14":{"start":{"line":48,"column":4},"end":{"line":48,"column":54}},"15":{"start":{"line":49,"column":4},"end":{"line":49,"column":50}},"16":{"start":{"line":49,"column":13},"end":{"line":49,"column":50}},"17":{"start":{"line":50,"column":4},"end":{"line":50,"column":56}},"18":{"start":{"line":50,"column":15},"end":{"line":50,"column":56}},"19":{"start":{"line":51,"column":4},"end":{"line":51,"column":74}},"20":{"start":{"line":54,"column":24},"end":{"line":54,"column":50}},"21":{"start":{"line":56,"column":2},"end":{"line":84,"column":3}},"22":{"start":{"line":57,"column":4},"end":{"line":74,"column":5}},"23":{"start":{"line":59,"column":8},"end":{"line":59,"column":55}},"24":{"start":{"line":60,"column":8},"end":{"line":60,"column":14}},"25":{"start":{"line":62,"column":8},"end":{"line":62,"column":59}},"26":{"start":{"line":63,"column":8},"end":{"line":63,"column":14}},"27":{"start":{"line":65,"column":8},"end":{"line":65,"column":66}},"28":{"start":{"line":66,"column":8},"end":{"line":66,"column":14}},"29":{"start":{"line":68,"column":8},"end":{"line":68,"column":61}},"30":{"start":{"line":69,"column":8},"end":{"line":69,"column":14}},"31":{"start":{"line":71,"column":8},"end":{"line":71,"column":72}},"32":{"start":{"line":72,"column":8},"end":{"line":72,"column":76}},"33":{"start":{"line":73,"column":8},"end":{"line":73,"column":24}},"34":{"start":{"line":76,"column":4},"end":{"line":82,"column":5}},"35":{"start":{"line":77,"column":6},"end":{"line":77,"column":96}},"36":{"start":{"line":78,"column":6},"end":{"line":78,"column":70}},"37":{"start":{"line":79,"column":6},"end":{"line":79,"column":52}},"38":{"start":{"line":79,"column":15},"end":{"line":79,"column":52}},"39":{"start":{"line":80,"column":6},"end":{"line":80,"column":58}},"40":{"start":{"line":80,"column":17},"end":{"line":80,"column":58}},"41":{"start":{"line":81,"column":6},"end":{"line":81,"column":13}},"42":{"start":{"line":83,"column":4},"end":{"line":83,"column":16}},"43":{"start":{"line":88,"column":2},"end":{"line":88,"column":54}},"44":{"start":{"line":89,"column":2},"end":{"line":89,"column":94}},"45":{"start":{"line":93,"column":2},"end":{"line":97,"column":3}},"46":{"start":{"line":94,"column":4},"end":{"line":94,"column":87}},"47":{"start":{"line":95,"column":4},"end":{"line":95,"column":64}},"48":{"start":{"line":96,"column":4},"end":{"line":96,"column":20}},"49":{"start":{"line":99,"column":2},"end":{"line":99,"column":39}},"50":{"start":{"line":100,"column":2},"end":{"line":100,"column":86}},"51":{"start":{"line":104,"column":2},"end":{"line":108,"column":3}},"52":{"start":{"line":105,"column":4},"end":{"line":105,"column":89}},"53":{"start":{"line":106,"column":4},"end":{"line":106,"column":72}},"54":{"start":{"line":107,"column":4},"end":{"line":107,"column":20}},"55":{"start":{"line":110,"column":2},"end":{"line":115,"column":3}},"56":{"start":{"line":111,"column":4},"end":{"line":111,"column":68}},"57":{"start":{"line":112,"column":4},"end":{"line":112,"column":41}},"58":{"start":{"line":113,"column":4},"end":{"line":113,"column":45}},"59":{"start":{"line":114,"column":4},"end":{"line":114,"column":11}},"60":{"start":{"line":117,"column":2},"end":{"line":117,"column":79}},"61":{"start":{"line":118,"column":2},"end":{"line":118,"column":39}},"62":{"start":{"line":119,"column":2},"end":{"line":119,"column":43}},"63":{"start":{"line":123,"column":2},"end":{"line":127,"column":3}},"64":{"start":{"line":124,"column":4},"end":{"line":124,"column":69}},"65":{"start":{"line":125,"column":4},"end":{"line":125,"column":50}},"66":{"start":{"line":125,"column":13},"end":{"line":125,"column":50}},"67":{"start":{"line":126,"column":4},"end":{"line":126,"column":11}},"68":{"start":{"line":129,"column":2},"end":{"line":129,"column":77}},"69":{"start":{"line":130,"column":2},"end":{"line":134,"column":3}},"70":{"start":{"line":131,"column":4},"end":{"line":131,"column":47}},"71":{"start":{"line":133,"column":4},"end":{"line":133,"column":55}}},"fnMap":{"0":{"name":"createConfigCommand","decl":{"start":{"line":18,"column":16},"end":{"line":18,"column":35}},"loc":{"start":{"line":18,"column":35},"end":{"line":41,"column":1}}},"1":{"name":"(anonymous_2)","decl":{"start":{"line":31,"column":12},"end":{"line":31,"column":17}},"loc":{"start":{"line":31,"column":96},"end":{"line":38,"column":5}}},"2":{"name":"handleConfigCommand","decl":{"start":{"line":43,"column":15},"end":{"line":43,"column":34}},"loc":{"start":{"line":43,"column":108},"end":{"line":85,"column":1}}},"3":{"name":"handleListConfig","decl":{"start":{"line":87,"column":15},"end":{"line":87,"column":31}},"loc":{"start":{"line":87,"column":98},"end":{"line":90,"column":1}}},"4":{"name":"handleGetConfig","decl":{"start":{"line":92,"column":15},"end":{"line":92,"column":30}},"loc":{"start":{"line":92,"column":110},"end":{"line":101,"column":1}}},"5":{"name":"handleSetConfig","decl":{"start":{"line":103,"column":15},"end":{"line":103,"column":30}},"loc":{"start":{"line":103,"column":125},"end":{"line":120,"column":1}}},"6":{"name":"handleResetConfig","decl":{"start":{"line":122,"column":15},"end":{"line":122,"column":32}},"loc":{"start":{"line":122,"column":112},"end":{"line":135,"column":1}}}},"branchMap":{"0":{"loc":{"start":{"line":35,"column":43},"end":{"line":35,"column":97}},"type":"cond-expr","locations":[{"start":{"line":35,"column":68},"end":{"line":35,"column":81}},{"start":{"line":35,"column":84},"end":{"line":35,"column":97}}]},"1":{"loc":{"start":{"line":44,"column":18},"end":{"line":44,"column":42}},"type":"binary-expr","locations":[{"start":{"line":44,"column":18},"end":{"line":44,"column":33}},{"start":{"line":44,"column":37},"end":{"line":44,"column":42}}]},"2":{"loc":{"start":{"line":45,"column":17},"end":{"line":45,"column":40}},"type":"binary-expr","locations":[{"start":{"line":45,"column":17},"end":{"line":45,"column":31}},{"start":{"line":45,"column":35},"end":{"line":45,"column":40}}]},"3":{"loc":{"start":{"line":47,"column":2},"end":{"line":52,"column":3}},"type":"if","locations":[{"start":{"line":47,"column":2},"end":{"line":52,"column":3}}]},"4":{"loc":{"start":{"line":49,"column":4},"end":{"line":49,"column":50}},"type":"if","locations":[{"start":{"line":49,"column":4},"end":{"line":49,"column":50}}]},"5":{"loc":{"start":{"line":50,"column":4},"end":{"line":50,"column":56}},"type":"if","locations":[{"start":{"line":50,"column":4},"end":{"line":50,"column":56}}]},"6":{"loc":{"start":{"line":57,"column":4},"end":{"line":74,"column":5}},"type":"switch","locations":[{"start":{"line":58,"column":6},"end":{"line":60,"column":14}},{"start":{"line":61,"column":6},"end":{"line":63,"column":14}},{"start":{"line":64,"column":6},"end":{"line":66,"column":14}},{"start":{"line":67,"column":6},"end":{"line":69,"column":14}},{"start":{"line":70,"column":6},"end":{"line":73,"column":24}}]},"7":{"loc":{"start":{"line":76,"column":4},"end":{"line":82,"column":5}},"type":"if","locations":[{"start":{"line":76,"column":4},"end":{"line":82,"column":5}}]},"8":{"loc":{"start":{"line":76,"column":8},"end":{"line":76,"column":69}},"type":"binary-expr","locations":[{"start":{"line":76,"column":8},"end":{"line":76,"column":30}},{"start":{"line":76,"column":34},"end":{"line":76,"column":69}}]},"9":{"loc":{"start":{"line":79,"column":6},"end":{"line":79,"column":52}},"type":"if","locations":[{"start":{"line":79,"column":6},"end":{"line":79,"column":52}}]},"10":{"loc":{"start":{"line":80,"column":6},"end":{"line":80,"column":58}},"type":"if","locations":[{"start":{"line":80,"column":6},"end":{"line":80,"column":58}}]},"11":{"loc":{"start":{"line":93,"column":2},"end":{"line":97,"column":3}},"type":"if","locations":[{"start":{"line":93,"column":2},"end":{"line":97,"column":3}}]},"12":{"loc":{"start":{"line":104,"column":2},"end":{"line":108,"column":3}},"type":"if","locations":[{"start":{"line":104,"column":2},"end":{"line":108,"column":3}}]},"13":{"loc":{"start":{"line":104,"column":6},"end":{"line":104,"column":20}},"type":"binary-expr","locations":[{"start":{"line":104,"column":6},"end":{"line":104,"column":10}},{"start":{"line":104,"column":14},"end":{"line":104,"column":20}}]},"14":{"loc":{"start":{"line":110,"column":2},"end":{"line":115,"column":3}},"type":"if","locations":[{"start":{"line":110,"column":2},"end":{"line":115,"column":3}}]},"15":{"loc":{"start":{"line":123,"column":2},"end":{"line":127,"column":3}},"type":"if","locations":[{"start":{"line":123,"column":2},"end":{"line":127,"column":3}}]},"16":{"loc":{"start":{"line":125,"column":4},"end":{"line":125,"column":50}},"type":"if","locations":[{"start":{"line":125,"column":4},"end":{"line":125,"column":50}}]},"17":{"loc":{"start":{"line":130,"column":2},"end":{"line":134,"column":3}},"type":"if","locations":[{"start":{"line":130,"column":2},"end":{"line":134,"column":3}},{"start":{"line":132,"column":9},"end":{"line":134,"column":3}}]}},"s":{"0":0,"1":0,"2":0,"3":0,"4":0,"5":0,"6":0,"7":0,"8":0,"9":0,"10":0,"11":0,"12":0,"13":0,"14":0,"15":0,"16":0,"17":0,"18":0,"19":0,"20":0,"21":0,"22":0,"23":0,"24":0,"25":0,"26":0,"27":0,"28":0,"29":0,"30":0,"31":0,"32":0,"33":0,"34":0,"35":0,"36":0,"37":0,"38":0,"39":0,"40":0,"41":0,"42":0,"43":0,"44":0,"45":0,"46":0,"47":0,"48":0,"49":0,"50":0,"51":0,"52":0,"53":0,"54":0,"55":0,"56":0,"57":0,"58":0,"59":0,"60":0,"61":0,"62":0,"63":0,"64":0,"65":0,"66":0,"67":0,"68":0,"69":0,"70":0,"71":0},"f":{"0":0,"1":0,"2":0,"3":0,"4":0,"5":0,"6":0},"b":{"0":[0,0],"1":[0,0],"2":[0,0],"3":[0],"4":[0],"5":[0],"6":[0,0,0,0,0],"7":[0],"8":[0,0],"9":[0],"10":[0],"11":[0],"12":[0],"13":[0,0],"14":[0],"15":[0],"16":[0],"17":[0,0]}}
,"/Users/zachkysar/git/scaffold/src/cli/commands/extend.command.ts": {"path":"/Users/zachkysar/git/scaffold/src/cli/commands/extend.command.ts","statementMap":{"0":{"start":{"line":21,"column":0},"end":{"line":21,"column":16}},"1":{"start":{"line":6,"column":0},"end":{"line":6,"column":36}},"2":{"start":{"line":7,"column":0},"end":{"line":7,"column":31}},"3":{"start":{"line":8,"column":0},"end":{"line":8,"column":32}},"4":{"start":{"line":9,"column":0},"end":{"line":9,"column":26}},"5":{"start":{"line":11,"column":0},"end":{"line":11,"column":84}},"6":{"start":{"line":22,"column":18},"end":{"line":22,"column":39}},"7":{"start":{"line":24,"column":2},"end":{"line":39,"column":7}},"8":{"start":{"line":33,"column":6},"end":{"line":38,"column":7}},"9":{"start":{"line":34,"column":8},"end":{"line":34,"column":56}},"10":{"start":{"line":36,"column":8},"end":{"line":36,"column":99}},"11":{"start":{"line":37,"column":8},"end":{"line":37,"column":24}},"12":{"start":{"line":41,"column":2},"end":{"line":41,"column":17}},"13":{"start":{"line":45,"column":18},"end":{"line":45,"column":42}},"14":{"start":{"line":46,"column":17},"end":{"line":46,"column":40}},"15":{"start":{"line":49,"column":21},"end":{"line":49,"column":41}},"16":{"start":{"line":51,"column":2},"end":{"line":54,"column":3}},"17":{"start":{"line":52,"column":4},"end":{"line":52,"column":62}},"18":{"start":{"line":53,"column":4},"end":{"line":53,"column":74}},"19":{"start":{"line":57,"column":2},"end":{"line":60,"column":3}},"20":{"start":{"line":58,"column":4},"end":{"line":58,"column":83}},"21":{"start":{"line":59,"column":4},"end":{"line":59,"column":20}},"22":{"start":{"line":63,"column":28},"end":{"line":63,"column":51}},"23":{"start":{"line":64,"column":26},"end":{"line":64,"column":47}},"24":{"start":{"line":65,"column":25},"end":{"line":65,"column":79}},"25":{"start":{"line":67,"column":2},"end":{"line":114,"column":3}},"26":{"start":{"line":69,"column":21},"end":{"line":69,"column":73}},"27":{"start":{"line":71,"column":4},"end":{"line":76,"column":5}},"28":{"start":{"line":72,"column":6},"end":{"line":72,"column":75}},"29":{"start":{"line":73,"column":6},"end":{"line":73,"column":72}},"30":{"start":{"line":74,"column":6},"end":{"line":74,"column":83}},"31":{"start":{"line":75,"column":6},"end":{"line":75,"column":22}},"32":{"start":{"line":78,"column":4},"end":{"line":82,"column":5}},"33":{"start":{"line":79,"column":6},"end":{"line":79,"column":65}},"34":{"start":{"line":80,"column":6},"end":{"line":80,"column":93}},"35":{"start":{"line":81,"column":6},"end":{"line":81,"column":22}},"36":{"start":{"line":85,"column":44},"end":{"line":85,"column":46}},"37":{"start":{"line":86,"column":4},"end":{"line":92,"column":5}},"38":{"start":{"line":87,"column":6},"end":{"line":91,"column":7}},"39":{"start":{"line":88,"column":8},"end":{"line":88,"column":50}},"40":{"start":{"line":90,"column":8},"end":{"line":90,"column":109}},"41":{"start":{"line":94,"column":4},"end":{"line":100,"column":5}},"42":{"start":{"line":95,"column":6},"end":{"line":95,"column":72}},"43":{"start":{"line":96,"column":6},"end":{"line":96,"column":64}},"44":{"start":{"line":97,"column":6},"end":{"line":97,"column":61}},"45":{"start":{"line":98,"column":6},"end":{"line":98,"column":55}},"46":{"start":{"line":99,"column":6},"end":{"line":99,"column":13}},"47":{"start":{"line":102,"column":4},"end":{"line":102,"column":94}},"48":{"start":{"line":103,"column":4},"end":{"line":103,"column":65}},"49":{"start":{"line":104,"column":4},"end":{"line":104,"column":64}},"50":{"start":{"line":107,"column":4},"end":{"line":112,"column":5}},"51":{"start":{"line":108,"column":6},"end":{"line":108,"column":96}},"52":{"start":{"line":109,"column":6},"end":{"line":109,"column":67}},"53":{"start":{"line":110,"column":6},"end":{"line":110,"column":66}},"54":{"start":{"line":111,"column":6},"end":{"line":111,"column":13}},"55":{"start":{"line":113,"column":4},"end":{"line":113,"column":16}}},"fnMap":{"0":{"name":"createExtendCommand","decl":{"start":{"line":21,"column":16},"end":{"line":21,"column":35}},"loc":{"start":{"line":21,"column":35},"end":{"line":42,"column":1}}},"1":{"name":"(anonymous_2)","decl":{"start":{"line":32,"column":12},"end":{"line":32,"column":17}},"loc":{"start":{"line":32,"column":73},"end":{"line":39,"column":5}}},"2":{"name":"handleExtendCommand","decl":{"start":{"line":44,"column":15},"end":{"line":44,"column":34}},"loc":{"start":{"line":44,"column":85},"end":{"line":115,"column":1}}}},"branchMap":{"0":{"loc":{"start":{"line":36,"column":43},"end":{"line":36,"column":97}},"type":"cond-expr","locations":[{"start":{"line":36,"column":68},"end":{"line":36,"column":81}},{"start":{"line":36,"column":84},"end":{"line":36,"column":97}}]},"1":{"loc":{"start":{"line":45,"column":18},"end":{"line":45,"column":42}},"type":"binary-expr","locations":[{"start":{"line":45,"column":18},"end":{"line":45,"column":33}},{"start":{"line":45,"column":37},"end":{"line":45,"column":42}}]},"2":{"loc":{"start":{"line":46,"column":17},"end":{"line":46,"column":40}},"type":"binary-expr","locations":[{"start":{"line":46,"column":17},"end":{"line":46,"column":31}},{"start":{"line":46,"column":35},"end":{"line":46,"column":40}}]},"3":{"loc":{"start":{"line":51,"column":2},"end":{"line":54,"column":3}},"type":"if","locations":[{"start":{"line":51,"column":2},"end":{"line":54,"column":3}}]},"4":{"loc":{"start":{"line":57,"column":2},"end":{"line":60,"column":3}},"type":"if","locations":[{"start":{"line":57,"column":2},"end":{"line":60,"column":3}}]},"5":{"loc":{"start":{"line":71,"column":4},"end":{"line":76,"column":5}},"type":"if","locations":[{"start":{"line":71,"column":4},"end":{"line":76,"column":5}}]},"6":{"loc":{"start":{"line":78,"column":4},"end":{"line":82,"column":5}},"type":"if","locations":[{"start":{"line":78,"column":4},"end":{"line":82,"column":5}}]},"7":{"loc":{"start":{"line":86,"column":4},"end":{"line":92,"column":5}},"type":"if","locations":[{"start":{"line":86,"column":4},"end":{"line":92,"column":5}}]},"8":{"loc":{"start":{"line":90,"column":51},"end":{"line":90,"column":105}},"type":"cond-expr","locations":[{"start":{"line":90,"column":76},"end":{"line":90,"column":89}},{"start":{"line":90,"column":92},"end":{"line":90,"column":105}}]},"9":{"loc":{"start":{"line":94,"column":4},"end":{"line":100,"column":5}},"type":"if","locations":[{"start":{"line":94,"column":4},"end":{"line":100,"column":5}}]},"10":{"loc":{"start":{"line":107,"column":4},"end":{"line":112,"column":5}},"type":"if","locations":[{"start":{"line":107,"column":4},"end":{"line":112,"column":5}}]},"11":{"loc":{"start":{"line":107,"column":8},"end":{"line":107,"column":69}},"type":"binary-expr","locations":[{"start":{"line":107,"column":8},"end":{"line":107,"column":30}},{"start":{"line":107,"column":34},"end":{"line":107,"column":69}}]}},"s":{"0":0,"1":0,"2":0,"3":0,"4":0,"5":0,"6":0,"7":0,"8":0,"9":0,"10":0,"11":0,"12":0,"13":0,"14":0,"15":0,"16":0,"17":0,"18":0,"19":0,"20":0,"21":0,"22":0,"23":0,"24":0,"25":0,"26":0,"27":0,"28":0,"29":0,"30":0,"31":0,"32":0,"33":0,"34":0,"35":0,"36":0,"37":0,"38":0,"39":0,"40":0,"41":0,"42":0,"43":0,"44":0,"45":0,"46":0,"47":0,"48":0,"49":0,"50":0,"51":0,"52":0,"53":0,"54":0,"55":0},"f":{"0":0,"1":0,"2":0},"b":{"0":[0,0],"1":[0,0],"2":[0,0],"3":[0],"4":[0],"5":[0],"6":[0],"7":[0],"8":[0,0],"9":[0],"10":[0],"11":[0,0]}}
,"/Users/zachkysar/git/scaffold/src/cli/commands/fix.command.ts": {"path":"/Users/zachkysar/git/scaffold/src/cli/commands/fix.command.ts","statementMap":{"0":{"start":{"line":19,"column":0},"end":{"line":19,"column":16}},"1":{"start":{"line":6,"column":0},"end":{"line":6,"column":36}},"2":{"start":{"line":7,"column":0},"end":{"line":7,"column":31}},"3":{"start":{"line":8,"column":0},"end":{"line":8,"column":32}},"4":{"start":{"line":9,"column":0},"end":{"line":9,"column":26}},"5":{"start":{"line":10,"column":0},"end":{"line":10,"column":84}},"6":{"start":{"line":20,"column":18},"end":{"line":20,"column":36}},"7":{"start":{"line":22,"column":2},"end":{"line":36,"column":7}},"8":{"start":{"line":30,"column":6},"end":{"line":35,"column":7}},"9":{"start":{"line":31,"column":8},"end":{"line":31,"column":53}},"10":{"start":{"line":33,"column":8},"end":{"line":33,"column":99}},"11":{"start":{"line":34,"column":8},"end":{"line":34,"column":24}},"12":{"start":{"line":38,"column":2},"end":{"line":38,"column":17}},"13":{"start":{"line":42,"column":18},"end":{"line":42,"column":42}},"14":{"start":{"line":43,"column":17},"end":{"line":43,"column":40}},"15":{"start":{"line":46,"column":21},"end":{"line":46,"column":80}},"16":{"start":{"line":48,"column":2},"end":{"line":51,"column":3}},"17":{"start":{"line":49,"column":4},"end":{"line":49,"column":59}},"18":{"start":{"line":50,"column":4},"end":{"line":50,"column":74}},"19":{"start":{"line":54,"column":2},"end":{"line":57,"column":3}},"20":{"start":{"line":55,"column":4},"end":{"line":55,"column":83}},"21":{"start":{"line":56,"column":4},"end":{"line":56,"column":20}},"22":{"start":{"line":60,"column":28},"end":{"line":60,"column":51}},"23":{"start":{"line":61,"column":26},"end":{"line":61,"column":47}},"24":{"start":{"line":62,"column":25},"end":{"line":62,"column":79}},"25":{"start":{"line":64,"column":2},"end":{"line":80,"column":3}},"26":{"start":{"line":65,"column":4},"end":{"line":68,"column":5}},"27":{"start":{"line":66,"column":6},"end":{"line":66,"column":78}},"28":{"start":{"line":67,"column":6},"end":{"line":67,"column":13}},"29":{"start":{"line":70,"column":4},"end":{"line":70,"column":94}},"30":{"start":{"line":71,"column":4},"end":{"line":71,"column":62}},"31":{"start":{"line":74,"column":4},"end":{"line":78,"column":5}},"32":{"start":{"line":75,"column":6},"end":{"line":75,"column":96}},"33":{"start":{"line":76,"column":6},"end":{"line":76,"column":64}},"34":{"start":{"line":77,"column":6},"end":{"line":77,"column":13}},"35":{"start":{"line":79,"column":4},"end":{"line":79,"column":16}}},"fnMap":{"0":{"name":"createFixCommand","decl":{"start":{"line":19,"column":16},"end":{"line":19,"column":32}},"loc":{"start":{"line":19,"column":32},"end":{"line":39,"column":1}}},"1":{"name":"(anonymous_2)","decl":{"start":{"line":29,"column":12},"end":{"line":29,"column":17}},"loc":{"start":{"line":29,"column":70},"end":{"line":36,"column":5}}},"2":{"name":"handleFixCommand","decl":{"start":{"line":41,"column":15},"end":{"line":41,"column":31}},"loc":{"start":{"line":41,"column":79},"end":{"line":81,"column":1}}}},"branchMap":{"0":{"loc":{"start":{"line":33,"column":43},"end":{"line":33,"column":97}},"type":"cond-expr","locations":[{"start":{"line":33,"column":68},"end":{"line":33,"column":81}},{"start":{"line":33,"column":84},"end":{"line":33,"column":97}}]},"1":{"loc":{"start":{"line":42,"column":18},"end":{"line":42,"column":42}},"type":"binary-expr","locations":[{"start":{"line":42,"column":18},"end":{"line":42,"column":33}},{"start":{"line":42,"column":37},"end":{"line":42,"column":42}}]},"2":{"loc":{"start":{"line":43,"column":17},"end":{"line":43,"column":40}},"type":"binary-expr","locations":[{"start":{"line":43,"column":17},"end":{"line":43,"column":31}},{"start":{"line":43,"column":35},"end":{"line":43,"column":40}}]},"3":{"loc":{"start":{"line":46,"column":21},"end":{"line":46,"column":80}},"type":"cond-expr","locations":[{"start":{"line":46,"column":35},"end":{"line":46,"column":55}},{"start":{"line":46,"column":58},"end":{"line":46,"column":80}}]},"4":{"loc":{"start":{"line":48,"column":2},"end":{"line":51,"column":3}},"type":"if","locations":[{"start":{"line":48,"column":2},"end":{"line":51,"column":3}}]},"5":{"loc":{"start":{"line":54,"column":2},"end":{"line":57,"column":3}},"type":"if","locations":[{"start":{"line":54,"column":2},"end":{"line":57,"column":3}}]},"6":{"loc":{"start":{"line":65,"column":4},"end":{"line":68,"column":5}},"type":"if","locations":[{"start":{"line":65,"column":4},"end":{"line":68,"column":5}}]},"7":{"loc":{"start":{"line":74,"column":4},"end":{"line":78,"column":5}},"type":"if","locations":[{"start":{"line":74,"column":4},"end":{"line":78,"column":5}}]},"8":{"loc":{"start":{"line":74,"column":8},"end":{"line":74,"column":69}},"type":"binary-expr","locations":[{"start":{"line":74,"column":8},"end":{"line":74,"column":30}},{"start":{"line":74,"column":34},"end":{"line":74,"column":69}}]}},"s":{"0":0,"1":0,"2":0,"3":0,"4":0,"5":0,"6":0,"7":0,"8":0,"9":0,"10":0,"11":0,"12":0,"13":0,"14":0,"15":0,"16":0,"17":0,"18":0,"19":0,"20":0,"21":0,"22":0,"23":0,"24":0,"25":0,"26":0,"27":0,"28":0,"29":0,"30":0,"31":0,"32":0,"33":0,"34":0,"35":0},"f":{"0":0,"1":0,"2":0},"b":{"0":[0,0],"1":[0,0],"2":[0,0],"3":[0,0],"4":[0],"5":[0],"6":[0],"7":[0],"8":[0,0]}}
,"/Users/zachkysar/git/scaffold/src/cli/commands/new.ts": {"path":"/Users/zachkysar/git/scaffold/src/cli/commands/new.ts","statementMap":{"0":{"start":{"line":21,"column":0},"end":{"line":21,"column":16}},"1":{"start":{"line":6,"column":0},"end":{"line":6,"column":36}},"2":{"start":{"line":7,"column":0},"end":{"line":7,"column":37}},"3":{"start":{"line":8,"column":0},"end":{"line":8,"column":32}},"4":{"start":{"line":9,"column":0},"end":{"line":9,"column":26}},"5":{"start":{"line":10,"column":0},"end":{"line":10,"column":32}},"6":{"start":{"line":11,"column":0},"end":{"line":11,"column":84}},"7":{"start":{"line":22,"column":18},"end":{"line":22,"column":36}},"8":{"start":{"line":24,"column":2},"end":{"line":39,"column":7}},"9":{"start":{"line":33,"column":6},"end":{"line":38,"column":7}},"10":{"start":{"line":34,"column":8},"end":{"line":34,"column":53}},"11":{"start":{"line":36,"column":8},"end":{"line":36,"column":99}},"12":{"start":{"line":37,"column":8},"end":{"line":37,"column":24}},"13":{"start":{"line":41,"column":2},"end":{"line":41,"column":17}},"14":{"start":{"line":45,"column":18},"end":{"line":45,"column":42}},"15":{"start":{"line":46,"column":17},"end":{"line":46,"column":40}},"16":{"start":{"line":48,"column":2},"end":{"line":51,"column":3}},"17":{"start":{"line":49,"column":4},"end":{"line":49,"column":66}},"18":{"start":{"line":50,"column":4},"end":{"line":50,"column":74}},"19":{"start":{"line":54,"column":21},"end":{"line":56,"column":41}},"20":{"start":{"line":58,"column":2},"end":{"line":60,"column":3}},"21":{"start":{"line":59,"column":4},"end":{"line":59,"column":56}},"22":{"start":{"line":63,"column":2},"end":{"line":77,"column":3}},"23":{"start":{"line":64,"column":26},"end":{"line":71,"column":6}},"24":{"start":{"line":73,"column":4},"end":{"line":76,"column":5}},"25":{"start":{"line":74,"column":6},"end":{"line":74,"column":56}},"26":{"start":{"line":75,"column":6},"end":{"line":75,"column":13}},"27":{"start":{"line":80,"column":28},"end":{"line":80,"column":51}},"28":{"start":{"line":81,"column":26},"end":{"line":81,"column":47}},"29":{"start":{"line":82,"column":25},"end":{"line":82,"column":79}},"30":{"start":{"line":84,"column":30},"end":{"line":84,"column":32}},"31":{"start":{"line":86,"column":2},"end":{"line":96,"column":3}},"32":{"start":{"line":87,"column":4},"end":{"line":87,"column":37}},"33":{"start":{"line":88,"column":4},"end":{"line":90,"column":5}},"34":{"start":{"line":89,"column":6},"end":{"line":89,"column":67}},"35":{"start":{"line":93,"column":4},"end":{"line":93,"column":79}},"36":{"start":{"line":94,"column":4},"end":{"line":94,"column":91}},"37":{"start":{"line":95,"column":4},"end":{"line":95,"column":11}},"38":{"start":{"line":99,"column":42},"end":{"line":99,"column":44}},"39":{"start":{"line":100,"column":2},"end":{"line":109,"column":3}},"40":{"start":{"line":101,"column":4},"end":{"line":108,"column":5}},"41":{"start":{"line":102,"column":6},"end":{"line":102,"column":48}},"42":{"start":{"line":103,"column":6},"end":{"line":105,"column":7}},"43":{"start":{"line":104,"column":8},"end":{"line":104,"column":57}},"44":{"start":{"line":107,"column":6},"end":{"line":107,"column":107}},"45":{"start":{"line":111,"column":2},"end":{"line":118,"column":3}},"46":{"start":{"line":112,"column":4},"end":{"line":112,"column":68}},"47":{"start":{"line":113,"column":4},"end":{"line":113,"column":66}},"48":{"start":{"line":114,"column":4},"end":{"line":114,"column":56}},"49":{"start":{"line":115,"column":4},"end":{"line":115,"column":55}},"50":{"start":{"line":116,"column":4},"end":{"line":116,"column":53}},"51":{"start":{"line":117,"column":4},"end":{"line":117,"column":11}},"52":{"start":{"line":120,"column":2},"end":{"line":142,"column":3}},"53":{"start":{"line":122,"column":21},"end":{"line":122,"column":104}},"54":{"start":{"line":124,"column":4},"end":{"line":124,"column":64}},"55":{"start":{"line":125,"column":4},"end":{"line":125,"column":67}},"56":{"start":{"line":126,"column":4},"end":{"line":126,"column":53}},"57":{"start":{"line":127,"column":4},"end":{"line":127,"column":116}},"58":{"start":{"line":127,"column":78},"end":{"line":127,"column":102}},"59":{"start":{"line":129,"column":4},"end":{"line":132,"column":5}},"60":{"start":{"line":130,"column":6},"end":{"line":130,"column":59}},"61":{"start":{"line":131,"column":6},"end":{"line":131,"column":63}},"62":{"start":{"line":134,"column":4},"end":{"line":140,"column":5}},"63":{"start":{"line":135,"column":6},"end":{"line":135,"column":96}},"64":{"start":{"line":136,"column":6},"end":{"line":136,"column":68}},"65":{"start":{"line":137,"column":6},"end":{"line":137,"column":58}},"66":{"start":{"line":138,"column":6},"end":{"line":138,"column":57}},"67":{"start":{"line":139,"column":6},"end":{"line":139,"column":13}},"68":{"start":{"line":141,"column":4},"end":{"line":141,"column":16}}},"fnMap":{"0":{"name":"createNewCommand","decl":{"start":{"line":21,"column":16},"end":{"line":21,"column":32}},"loc":{"start":{"line":21,"column":32},"end":{"line":42,"column":1}}},"1":{"name":"(anonymous_2)","decl":{"start":{"line":32,"column":12},"end":{"line":32,"column":17}},"loc":{"start":{"line":32,"column":70},"end":{"line":39,"column":5}}},"2":{"name":"handleNewCommand","decl":{"start":{"line":44,"column":15},"end":{"line":44,"column":31}},"loc":{"start":{"line":44,"column":79},"end":{"line":143,"column":1}}},"3":{"name":"(anonymous_4)","decl":{"start":{"line":127,"column":73},"end":{"line":127,"column":74}},"loc":{"start":{"line":127,"column":78},"end":{"line":127,"column":102}}}},"branchMap":{"0":{"loc":{"start":{"line":36,"column":43},"end":{"line":36,"column":97}},"type":"cond-expr","locations":[{"start":{"line":36,"column":68},"end":{"line":36,"column":81}},{"start":{"line":36,"column":84},"end":{"line":36,"column":97}}]},"1":{"loc":{"start":{"line":45,"column":18},"end":{"line":45,"column":42}},"type":"binary-expr","locations":[{"start":{"line":45,"column":18},"end":{"line":45,"column":33}},{"start":{"line":45,"column":37},"end":{"line":45,"column":42}}]},"2":{"loc":{"start":{"line":46,"column":17},"end":{"line":46,"column":40}},"type":"binary-expr","locations":[{"start":{"line":46,"column":17},"end":{"line":46,"column":31}},{"start":{"line":46,"column":35},"end":{"line":46,"column":40}}]},"3":{"loc":{"start":{"line":48,"column":2},"end":{"line":51,"column":3}},"type":"if","locations":[{"start":{"line":48,"column":2},"end":{"line":51,"column":3}}]},"4":{"loc":{"start":{"line":54,"column":21},"end":{"line":56,"column":41}},"type":"cond-expr","locations":[{"start":{"line":55,"column":6},"end":{"line":55,"column":40}},{"start":{"line":56,"column":6},"end":{"line":56,"column":41}}]},"5":{"loc":{"start":{"line":58,"column":2},"end":{"line":60,"column":3}},"type":"if","locations":[{"start":{"line":58,"column":2},"end":{"line":60,"column":3}}]},"6":{"loc":{"start":{"line":63,"column":2},"end":{"line":77,"column":3}},"type":"if","locations":[{"start":{"line":63,"column":2},"end":{"line":77,"column":3}}]},"7":{"loc":{"start":{"line":73,"column":4},"end":{"line":76,"column":5}},"type":"if","locations":[{"start":{"line":73,"column":4},"end":{"line":76,"column":5}}]},"8":{"loc":{"start":{"line":86,"column":2},"end":{"line":96,"column":3}},"type":"if","locations":[{"start":{"line":86,"column":2},"end":{"line":96,"column":3}},{"start":{"line":91,"column":9},"end":{"line":96,"column":3}}]},"9":{"loc":{"start":{"line":88,"column":4},"end":{"line":90,"column":5}},"type":"if","locations":[{"start":{"line":88,"column":4},"end":{"line":90,"column":5}}]},"10":{"loc":{"start":{"line":100,"column":2},"end":{"line":109,"column":3}},"type":"if","locations":[{"start":{"line":100,"column":2},"end":{"line":109,"column":3}}]},"11":{"loc":{"start":{"line":103,"column":6},"end":{"line":105,"column":7}},"type":"if","locations":[{"start":{"line":103,"column":6},"end":{"line":105,"column":7}}]},"12":{"loc":{"start":{"line":107,"column":49},"end":{"line":107,"column":103}},"type":"cond-expr","locations":[{"start":{"line":107,"column":74},"end":{"line":107,"column":87}},{"start":{"line":107,"column":90},"end":{"line":107,"column":103}}]},"13":{"loc":{"start":{"line":111,"column":2},"end":{"line":118,"column":3}},"type":"if","locations":[{"start":{"line":111,"column":2},"end":{"line":118,"column":3}}]},"14":{"loc":{"start":{"line":129,"column":4},"end":{"line":132,"column":5}},"type":"if","locations":[{"start":{"line":129,"column":4},"end":{"line":132,"column":5}}]},"15":{"loc":{"start":{"line":134,"column":4},"end":{"line":140,"column":5}},"type":"if","locations":[{"start":{"line":134,"column":4},"end":{"line":140,"column":5}}]},"16":{"loc":{"start":{"line":134,"column":8},"end":{"line":134,"column":69}},"type":"binary-expr","locations":[{"start":{"line":134,"column":8},"end":{"line":134,"column":30}},{"start":{"line":134,"column":34},"end":{"line":134,"column":69}}]}},"s":{"0":0,"1":0,"2":0,"3":0,"4":0,"5":0,"6":0,"7":0,"8":0,"9":0,"10":0,"11":0,"12":0,"13":0,"14":0,"15":0,"16":0,"17":0,"18":0,"19":0,"20":0,"21":0,"22":0,"23":0,"24":0,"25":0,"26":0,"27":0,"28":0,"29":0,"30":0,"31":0,"32":0,"33":0,"34":0,"35":0,"36":0,"37":0,"38":0,"39":0,"40":0,"41":0,"42":0,"43":0,"44":0,"45":0,"46":0,"47":0,"48":0,"49":0,"50":0,"51":0,"52":0,"53":0,"54":0,"55":0,"56":0,"57":0,"58":0,"59":0,"60":0,"61":0,"62":0,"63":0,"64":0,"65":0,"66":0,"67":0,"68":0},"f":{"0":0,"1":0,"2":0,"3":0},"b":{"0":[0,0],"1":[0,0],"2":[0,0],"3":[0],"4":[0,0],"5":[0],"6":[0],"7":[0],"8":[0,0],"9":[0],"10":[0],"11":[0],"12":[0,0],"13":[0],"14":[0],"15":[0],"16":[0,0]}}
,"/Users/zachkysar/git/scaffold/src/cli/commands/template.command.ts": {"path":"/Users/zachkysar/git/scaffold/src/cli/commands/template.command.ts","statementMap":{"0":{"start":{"line":19,"column":0},"end":{"line":19,"column":16}},"1":{"start":{"line":6,"column":0},"end":{"line":6,"column":36}},"2":{"start":{"line":7,"column":0},"end":{"line":7,"column":26}},"3":{"start":{"line":8,"column":0},"end":{"line":8,"column":32}},"4":{"start":{"line":9,"column":0},"end":{"line":9,"column":49}},"5":{"start":{"line":20,"column":18},"end":{"line":20,"column":41}},"6":{"start":{"line":22,"column":2},"end":{"line":37,"column":7}},"7":{"start":{"line":31,"column":6},"end":{"line":36,"column":7}},"8":{"start":{"line":32,"column":8},"end":{"line":32,"column":59}},"9":{"start":{"line":34,"column":8},"end":{"line":34,"column":99}},"10":{"start":{"line":35,"column":8},"end":{"line":35,"column":24}},"11":{"start":{"line":39,"column":2},"end":{"line":39,"column":17}},"12":{"start":{"line":43,"column":18},"end":{"line":43,"column":42}},"13":{"start":{"line":44,"column":17},"end":{"line":44,"column":40}},"14":{"start":{"line":45,"column":16},"end":{"line":45,"column":38}},"15":{"start":{"line":47,"column":2},"end":{"line":51,"column":3}},"16":{"start":{"line":48,"column":4},"end":{"line":48,"column":56}},"17":{"start":{"line":49,"column":4},"end":{"line":49,"column":62}},"18":{"start":{"line":49,"column":14},"end":{"line":49,"column":62}},"19":{"start":{"line":50,"column":4},"end":{"line":50,"column":74}},"20":{"start":{"line":53,"column":26},"end":{"line":53,"column":47}},"21":{"start":{"line":55,"column":2},"end":{"line":75,"column":3}},"22":{"start":{"line":57,"column":6},"end":{"line":57,"column":58}},"23":{"start":{"line":58,"column":6},"end":{"line":58,"column":12}},"24":{"start":{"line":60,"column":6},"end":{"line":60,"column":65}},"25":{"start":{"line":61,"column":6},"end":{"line":61,"column":12}},"26":{"start":{"line":63,"column":6},"end":{"line":63,"column":65}},"27":{"start":{"line":64,"column":6},"end":{"line":64,"column":12}},"28":{"start":{"line":66,"column":6},"end":{"line":66,"column":65}},"29":{"start":{"line":67,"column":6},"end":{"line":67,"column":12}},"30":{"start":{"line":69,"column":6},"end":{"line":69,"column":65}},"31":{"start":{"line":70,"column":6},"end":{"line":70,"column":12}},"32":{"start":{"line":72,"column":6},"end":{"line":72,"column":70}},"33":{"start":{"line":73,"column":6},"end":{"line":73,"column":89}},"34":{"start":{"line":74,"column":6},"end":{"line":74,"column":22}},"35":{"start":{"line":79,"column":18},"end":{"line":79,"column":42}},"36":{"start":{"line":81,"column":2},"end":{"line":115,"column":3}},"37":{"start":{"line":82,"column":20},"end":{"line":82,"column":57}},"38":{"start":{"line":84,"column":4},"end":{"line":88,"column":5}},"39":{"start":{"line":85,"column":6},"end":{"line":85,"column":55}},"40":{"start":{"line":86,"column":6},"end":{"line":86,"column":95}},"41":{"start":{"line":87,"column":6},"end":{"line":87,"column":13}},"42":{"start":{"line":90,"column":4},"end":{"line":90,"column":53}},"43":{"start":{"line":91,"column":4},"end":{"line":91,"column":20}},"44":{"start":{"line":93,"column":4},"end":{"line":105,"column":5}},"45":{"start":{"line":94,"column":6},"end":{"line":94,"column":77}},"46":{"start":{"line":95,"column":6},"end":{"line":95,"column":62}},"47":{"start":{"line":96,"column":6},"end":{"line":96,"column":70}},"48":{"start":{"line":98,"column":6},"end":{"line":102,"column":7}},"49":{"start":{"line":99,"column":8},"end":{"line":99,"column":62}},"50":{"start":{"line":100,"column":8},"end":{"line":100,"column":83}},"51":{"start":{"line":101,"column":8},"end":{"line":101,"column":73}},"52":{"start":{"line":104,"column":6},"end":{"line":104,"column":22}},"53":{"start":{"line":107,"column":4},"end":{"line":107,"column":77}},"54":{"start":{"line":109,"column":4},"end":{"line":114,"column":5}},"55":{"start":{"line":110,"column":6},"end":{"line":110,"column":55}},"56":{"start":{"line":111,"column":6},"end":{"line":111,"column":95}},"57":{"start":{"line":113,"column":6},"end":{"line":113,"column":18}},"58":{"start":{"line":119,"column":18},"end":{"line":119,"column":42}},"59":{"start":{"line":120,"column":17},"end":{"line":120,"column":40}},"60":{"start":{"line":122,"column":2},"end":{"line":126,"column":3}},"61":{"start":{"line":123,"column":4},"end":{"line":123,"column":86}},"62":{"start":{"line":124,"column":4},"end":{"line":124,"column":70}},"63":{"start":{"line":125,"column":4},"end":{"line":125,"column":20}},"64":{"start":{"line":128,"column":2},"end":{"line":130,"column":3}},"65":{"start":{"line":129,"column":4},"end":{"line":129,"column":56}},"66":{"start":{"line":133,"column":18},"end":{"line":162,"column":4}},"67":{"start":{"line":138,"column":35},"end":{"line":138,"column":87}},"68":{"start":{"line":146,"column":28},"end":{"line":146,"column":55}},"69":{"start":{"line":147,"column":8},"end":{"line":147,"column":83}},"70":{"start":{"line":164,"column":29},"end":{"line":182,"column":4}},"71":{"start":{"line":184,"column":2},"end":{"line":188,"column":3}},"72":{"start":{"line":185,"column":4},"end":{"line":185,"column":75}},"73":{"start":{"line":186,"column":4},"end":{"line":186,"column":51}},"74":{"start":{"line":187,"column":4},"end":{"line":187,"column":11}},"75":{"start":{"line":190,"column":2},"end":{"line":207,"column":3}},"76":{"start":{"line":191,"column":4},"end":{"line":191,"column":51}},"77":{"start":{"line":192,"column":4},"end":{"line":192,"column":65}},"78":{"start":{"line":193,"column":4},"end":{"line":193,"column":57}},"79":{"start":{"line":194,"column":4},"end":{"line":194,"column":61}},"80":{"start":{"line":195,"column":4},"end":{"line":195,"column":58}},"81":{"start":{"line":197,"column":4},"end":{"line":199,"column":5}},"82":{"start":{"line":198,"column":6},"end":{"line":198,"column":97}},"83":{"start":{"line":201,"column":4},"end":{"line":206,"column":5}},"84":{"start":{"line":202,"column":6},"end":{"line":202,"column":78}},"85":{"start":{"line":203,"column":6},"end":{"line":203,"column":93}},"86":{"start":{"line":205,"column":6},"end":{"line":205,"column":18}},"87":{"start":{"line":211,"column":18},"end":{"line":211,"column":42}},"88":{"start":{"line":212,"column":17},"end":{"line":212,"column":40}},"89":{"start":{"line":213,"column":16},"end":{"line":213,"column":38}},"90":{"start":{"line":215,"column":2},"end":{"line":219,"column":3}},"91":{"start":{"line":216,"column":4},"end":{"line":216,"column":92}},"92":{"start":{"line":217,"column":4},"end":{"line":217,"column":70}},"93":{"start":{"line":218,"column":4},"end":{"line":218,"column":20}},"94":{"start":{"line":221,"column":2},"end":{"line":223,"column":3}},"95":{"start":{"line":222,"column":4},"end":{"line":222,"column":56}},"96":{"start":{"line":225,"column":2},"end":{"line":268,"column":3}},"97":{"start":{"line":227,"column":20},"end":{"line":227,"column":57}},"98":{"start":{"line":228,"column":21},"end":{"line":228,"column":82}},"99":{"start":{"line":228,"column":49},"end":{"line":228,"column":81}},"100":{"start":{"line":230,"column":4},"end":{"line":233,"column":5}},"101":{"start":{"line":231,"column":6},"end":{"line":231,"column":73}},"102":{"start":{"line":232,"column":6},"end":{"line":232,"column":22}},"103":{"start":{"line":235,"column":4},"end":{"line":249,"column":5}},"104":{"start":{"line":236,"column":26},"end":{"line":243,"column":8}},"105":{"start":{"line":245,"column":6},"end":{"line":248,"column":7}},"106":{"start":{"line":246,"column":8},"end":{"line":246,"column":58}},"107":{"start":{"line":247,"column":8},"end":{"line":247,"column":15}},"108":{"start":{"line":251,"column":4},"end":{"line":257,"column":5}},"109":{"start":{"line":252,"column":6},"end":{"line":252,"column":68}},"110":{"start":{"line":253,"column":6},"end":{"line":253,"column":52}},"111":{"start":{"line":254,"column":6},"end":{"line":254,"column":56}},"112":{"start":{"line":255,"column":6},"end":{"line":255,"column":62}},"113":{"start":{"line":256,"column":6},"end":{"line":256,"column":13}},"114":{"start":{"line":259,"column":4},"end":{"line":259,"column":54}},"115":{"start":{"line":260,"column":4},"end":{"line":260,"column":65}},"116":{"start":{"line":261,"column":4},"end":{"line":261,"column":77}},"117":{"start":{"line":263,"column":4},"end":{"line":267,"column":5}},"118":{"start":{"line":264,"column":6},"end":{"line":264,"column":73}},"119":{"start":{"line":266,"column":6},"end":{"line":266,"column":18}},"120":{"start":{"line":272,"column":18},"end":{"line":272,"column":42}},"121":{"start":{"line":273,"column":17},"end":{"line":273,"column":40}},"122":{"start":{"line":275,"column":2},"end":{"line":279,"column":3}},"123":{"start":{"line":276,"column":4},"end":{"line":276,"column":92}},"124":{"start":{"line":277,"column":4},"end":{"line":277,"column":87}},"125":{"start":{"line":278,"column":4},"end":{"line":278,"column":20}},"126":{"start":{"line":281,"column":21},"end":{"line":281,"column":64}},"127":{"start":{"line":283,"column":2},"end":{"line":286,"column":3}},"128":{"start":{"line":284,"column":4},"end":{"line":284,"column":57}},"129":{"start":{"line":285,"column":4},"end":{"line":285,"column":56}},"130":{"start":{"line":288,"column":2},"end":{"line":314,"column":3}},"131":{"start":{"line":290,"column":20},"end":{"line":290,"column":57}},"132":{"start":{"line":291,"column":21},"end":{"line":291,"column":82}},"133":{"start":{"line":291,"column":49},"end":{"line":291,"column":81}},"134":{"start":{"line":293,"column":4},"end":{"line":296,"column":5}},"135":{"start":{"line":294,"column":6},"end":{"line":294,"column":73}},"136":{"start":{"line":295,"column":6},"end":{"line":295,"column":22}},"137":{"start":{"line":298,"column":4},"end":{"line":302,"column":5}},"138":{"start":{"line":299,"column":6},"end":{"line":299,"column":83}},"139":{"start":{"line":300,"column":6},"end":{"line":300,"column":82}},"140":{"start":{"line":301,"column":6},"end":{"line":301,"column":13}},"141":{"start":{"line":304,"column":4},"end":{"line":304,"column":66}},"142":{"start":{"line":305,"column":4},"end":{"line":305,"column":66}},"143":{"start":{"line":306,"column":4},"end":{"line":306,"column":78}},"144":{"start":{"line":307,"column":4},"end":{"line":307,"column":51}},"145":{"start":{"line":309,"column":4},"end":{"line":313,"column":5}},"146":{"start":{"line":310,"column":6},"end":{"line":310,"column":73}},"147":{"start":{"line":312,"column":6},"end":{"line":312,"column":18}},"148":{"start":{"line":318,"column":18},"end":{"line":318,"column":42}},"149":{"start":{"line":319,"column":17},"end":{"line":319,"column":40}},"150":{"start":{"line":321,"column":2},"end":{"line":325,"column":3}},"151":{"start":{"line":322,"column":4},"end":{"line":322,"column":85}},"152":{"start":{"line":323,"column":4},"end":{"line":323,"column":78}},"153":{"start":{"line":324,"column":4},"end":{"line":324,"column":20}},"154":{"start":{"line":327,"column":2},"end":{"line":329,"column":3}},"155":{"start":{"line":328,"column":4},"end":{"line":328,"column":69}},"156":{"start":{"line":331,"column":2},"end":{"line":334,"column":3}},"157":{"start":{"line":332,"column":4},"end":{"line":332,"column":84}},"158":{"start":{"line":333,"column":4},"end":{"line":333,"column":11}},"159":{"start":{"line":336,"column":2},"end":{"line":356,"column":3}},"160":{"start":{"line":337,"column":21},"end":{"line":337,"column":70}},"161":{"start":{"line":338,"column":4},"end":{"line":338,"column":66}},"162":{"start":{"line":339,"column":4},"end":{"line":339,"column":57}},"163":{"start":{"line":340,"column":4},"end":{"line":340,"column":61}},"164":{"start":{"line":341,"column":4},"end":{"line":341,"column":58}},"165":{"start":{"line":342,"column":4},"end":{"line":342,"column":66}},"166":{"start":{"line":344,"column":4},"end":{"line":346,"column":5}},"167":{"start":{"line":345,"column":6},"end":{"line":345,"column":97}},"168":{"start":{"line":348,"column":4},"end":{"line":355,"column":5}},"169":{"start":{"line":349,"column":6},"end":{"line":349,"column":85}},"170":{"start":{"line":350,"column":6},"end":{"line":350,"column":90}},"171":{"start":{"line":351,"column":11},"end":{"line":355,"column":5}},"172":{"start":{"line":352,"column":6},"end":{"line":352,"column":84}},"173":{"start":{"line":354,"column":6},"end":{"line":354,"column":18}},"174":{"start":{"line":361,"column":2},"end":{"line":364,"column":29}}},"fnMap":{"0":{"name":"createTemplateCommand","decl":{"start":{"line":19,"column":16},"end":{"line":19,"column":37}},"loc":{"start":{"line":19,"column":37},"end":{"line":40,"column":1}}},"1":{"name":"(anonymous_2)","decl":{"start":{"line":30,"column":12},"end":{"line":30,"column":17}},"loc":{"start":{"line":30,"column":84},"end":{"line":37,"column":5}}},"2":{"name":"handleTemplateCommand","decl":{"start":{"line":42,"column":15},"end":{"line":42,"column":36}},"loc":{"start":{"line":42,"column":98},"end":{"line":76,"column":1}}},"3":{"name":"handleListTemplates","decl":{"start":{"line":78,"column":15},"end":{"line":78,"column":34}},"loc":{"start":{"line":78,"column":100},"end":{"line":116,"column":1}}},"4":{"name":"handleCreateTemplate","decl":{"start":{"line":118,"column":15},"end":{"line":118,"column":35}},"loc":{"start":{"line":118,"column":115},"end":{"line":208,"column":1}}},"5":{"name":"(anonymous_6)","decl":{"start":{"line":138,"column":16},"end":{"line":138,"column":17}},"loc":{"start":{"line":138,"column":35},"end":{"line":138,"column":87}}},"6":{"name":"(anonymous_7)","decl":{"start":{"line":145,"column":16},"end":{"line":145,"column":17}},"loc":{"start":{"line":145,"column":34},"end":{"line":148,"column":7}}},"7":{"name":"handleDeleteTemplate","decl":{"start":{"line":210,"column":15},"end":{"line":210,"column":35}},"loc":{"start":{"line":210,"column":115},"end":{"line":269,"column":1}}},"8":{"name":"(anonymous_9)","decl":{"start":{"line":228,"column":44},"end":{"line":228,"column":45}},"loc":{"start":{"line":228,"column":49},"end":{"line":228,"column":81}}},"9":{"name":"handleExportTemplate","decl":{"start":{"line":271,"column":15},"end":{"line":271,"column":35}},"loc":{"start":{"line":271,"column":115},"end":{"line":315,"column":1}}},"10":{"name":"(anonymous_11)","decl":{"start":{"line":291,"column":44},"end":{"line":291,"column":45}},"loc":{"start":{"line":291,"column":49},"end":{"line":291,"column":81}}},"11":{"name":"handleImportTemplate","decl":{"start":{"line":317,"column":15},"end":{"line":317,"column":35}},"loc":{"start":{"line":317,"column":122},"end":{"line":357,"column":1}}},"12":{"name":"generateTemplateId","decl":{"start":{"line":359,"column":9},"end":{"line":359,"column":27}},"loc":{"start":{"line":359,"column":40},"end":{"line":365,"column":1}}}},"branchMap":{"0":{"loc":{"start":{"line":34,"column":43},"end":{"line":34,"column":97}},"type":"cond-expr","locations":[{"start":{"line":34,"column":68},"end":{"line":34,"column":81}},{"start":{"line":34,"column":84},"end":{"line":34,"column":97}}]},"1":{"loc":{"start":{"line":43,"column":18},"end":{"line":43,"column":42}},"type":"binary-expr","locations":[{"start":{"line":43,"column":18},"end":{"line":43,"column":33}},{"start":{"line":43,"column":37},"end":{"line":43,"column":42}}]},"2":{"loc":{"start":{"line":44,"column":17},"end":{"line":44,"column":40}},"type":"binary-expr","locations":[{"start":{"line":44,"column":17},"end":{"line":44,"column":31}},{"start":{"line":44,"column":35},"end":{"line":44,"column":40}}]},"3":{"loc":{"start":{"line":45,"column":16},"end":{"line":45,"column":38}},"type":"binary-expr","locations":[{"start":{"line":45,"column":16},"end":{"line":45,"column":29}},{"start":{"line":45,"column":33},"end":{"line":45,"column":38}}]},"4":{"loc":{"start":{"line":47,"column":2},"end":{"line":51,"column":3}},"type":"if","locations":[{"start":{"line":47,"column":2},"end":{"line":51,"column":3}}]},"5":{"loc":{"start":{"line":49,"column":4},"end":{"line":49,"column":62}},"type":"if","locations":[{"start":{"line":49,"column":4},"end":{"line":49,"column":62}}]},"6":{"loc":{"start":{"line":55,"column":2},"end":{"line":75,"column":3}},"type":"switch","locations":[{"start":{"line":56,"column":4},"end":{"line":58,"column":12}},{"start":{"line":59,"column":4},"end":{"line":61,"column":12}},{"start":{"line":62,"column":4},"end":{"line":64,"column":12}},{"start":{"line":65,"column":4},"end":{"line":67,"column":12}},{"start":{"line":68,"column":4},"end":{"line":70,"column":12}},{"start":{"line":71,"column":4},"end":{"line":74,"column":22}}]},"7":{"loc":{"start":{"line":79,"column":18},"end":{"line":79,"column":42}},"type":"binary-expr","locations":[{"start":{"line":79,"column":18},"end":{"line":79,"column":33}},{"start":{"line":79,"column":37},"end":{"line":79,"column":42}}]},"8":{"loc":{"start":{"line":84,"column":4},"end":{"line":88,"column":5}},"type":"if","locations":[{"start":{"line":84,"column":4},"end":{"line":88,"column":5}}]},"9":{"loc":{"start":{"line":98,"column":6},"end":{"line":102,"column":7}},"type":"if","locations":[{"start":{"line":98,"column":6},"end":{"line":102,"column":7}}]},"10":{"loc":{"start":{"line":100,"column":48},"end":{"line":100,"column":81}},"type":"cond-expr","locations":[{"start":{"line":100,"column":69},"end":{"line":100,"column":74}},{"start":{"line":100,"column":77},"end":{"line":100,"column":81}}]},"11":{"loc":{"start":{"line":109,"column":4},"end":{"line":114,"column":5}},"type":"if","locations":[{"start":{"line":109,"column":4},"end":{"line":114,"column":5}},{"start":{"line":112,"column":11},"end":{"line":114,"column":5}}]},"12":{"loc":{"start":{"line":109,"column":8},"end":{"line":109,"column":78}},"type":"binary-expr","locations":[{"start":{"line":109,"column":8},"end":{"line":109,"column":30}},{"start":{"line":109,"column":34},"end":{"line":109,"column":78}}]},"13":{"loc":{"start":{"line":119,"column":18},"end":{"line":119,"column":42}},"type":"binary-expr","locations":[{"start":{"line":119,"column":18},"end":{"line":119,"column":33}},{"start":{"line":119,"column":37},"end":{"line":119,"column":42}}]},"14":{"loc":{"start":{"line":120,"column":17},"end":{"line":120,"column":40}},"type":"binary-expr","locations":[{"start":{"line":120,"column":17},"end":{"line":120,"column":31}},{"start":{"line":120,"column":35},"end":{"line":120,"column":40}}]},"15":{"loc":{"start":{"line":122,"column":2},"end":{"line":126,"column":3}},"type":"if","locations":[{"start":{"line":122,"column":2},"end":{"line":126,"column":3}}]},"16":{"loc":{"start":{"line":128,"column":2},"end":{"line":130,"column":3}},"type":"if","locations":[{"start":{"line":128,"column":2},"end":{"line":130,"column":3}}]},"17":{"loc":{"start":{"line":138,"column":35},"end":{"line":138,"column":87}},"type":"binary-expr","locations":[{"start":{"line":138,"column":35},"end":{"line":138,"column":58}},{"start":{"line":138,"column":62},"end":{"line":138,"column":87}}]},"18":{"loc":{"start":{"line":147,"column":15},"end":{"line":147,"column":82}},"type":"binary-expr","locations":[{"start":{"line":147,"column":15},"end":{"line":147,"column":38}},{"start":{"line":147,"column":42},"end":{"line":147,"column":82}}]},"19":{"loc":{"start":{"line":184,"column":2},"end":{"line":188,"column":3}},"type":"if","locations":[{"start":{"line":184,"column":2},"end":{"line":188,"column":3}}]},"20":{"loc":{"start":{"line":197,"column":4},"end":{"line":199,"column":5}},"type":"if","locations":[{"start":{"line":197,"column":4},"end":{"line":199,"column":5}}]},"21":{"loc":{"start":{"line":201,"column":4},"end":{"line":206,"column":5}},"type":"if","locations":[{"start":{"line":201,"column":4},"end":{"line":206,"column":5}},{"start":{"line":204,"column":11},"end":{"line":206,"column":5}}]},"22":{"loc":{"start":{"line":201,"column":8},"end":{"line":201,"column":74}},"type":"binary-expr","locations":[{"start":{"line":201,"column":8},"end":{"line":201,"column":30}},{"start":{"line":201,"column":34},"end":{"line":201,"column":74}}]},"23":{"loc":{"start":{"line":211,"column":18},"end":{"line":211,"column":42}},"type":"binary-expr","locations":[{"start":{"line":211,"column":18},"end":{"line":211,"column":33}},{"start":{"line":211,"column":37},"end":{"line":211,"column":42}}]},"24":{"loc":{"start":{"line":212,"column":17},"end":{"line":212,"column":40}},"type":"binary-expr","locations":[{"start":{"line":212,"column":17},"end":{"line":212,"column":31}},{"start":{"line":212,"column":35},"end":{"line":212,"column":40}}]},"25":{"loc":{"start":{"line":213,"column":16},"end":{"line":213,"column":38}},"type":"binary-expr","locations":[{"start":{"line":213,"column":16},"end":{"line":213,"column":29}},{"start":{"line":213,"column":33},"end":{"line":213,"column":38}}]},"26":{"loc":{"start":{"line":215,"column":2},"end":{"line":219,"column":3}},"type":"if","locations":[{"start":{"line":215,"column":2},"end":{"line":219,"column":3}}]},"27":{"loc":{"start":{"line":221,"column":2},"end":{"line":223,"column":3}},"type":"if","locations":[{"start":{"line":221,"column":2},"end":{"line":223,"column":3}}]},"28":{"loc":{"start":{"line":228,"column":49},"end":{"line":228,"column":81}},"type":"binary-expr","locations":[{"start":{"line":228,"column":49},"end":{"line":228,"column":64}},{"start":{"line":228,"column":68},"end":{"line":228,"column":81}}]},"29":{"loc":{"start":{"line":230,"column":4},"end":{"line":233,"column":5}},"type":"if","locations":[{"start":{"line":230,"column":4},"end":{"line":233,"column":5}}]},"30":{"loc":{"start":{"line":235,"column":4},"end":{"line":249,"column":5}},"type":"if","locations":[{"start":{"line":235,"column":4},"end":{"line":249,"column":5}}]},"31":{"loc":{"start":{"line":235,"column":8},"end":{"line":235,"column":25}},"type":"binary-expr","locations":[{"start":{"line":235,"column":8},"end":{"line":235,"column":14}},{"start":{"line":235,"column":18},"end":{"line":235,"column":25}}]},"32":{"loc":{"start":{"line":245,"column":6},"end":{"line":248,"column":7}},"type":"if","locations":[{"start":{"line":245,"column":6},"end":{"line":248,"column":7}}]},"33":{"loc":{"start":{"line":251,"column":4},"end":{"line":257,"column":5}},"type":"if","locations":[{"start":{"line":251,"column":4},"end":{"line":257,"column":5}}]},"34":{"loc":{"start":{"line":263,"column":4},"end":{"line":267,"column":5}},"type":"if","locations":[{"start":{"line":263,"column":4},"end":{"line":267,"column":5}},{"start":{"line":265,"column":11},"end":{"line":267,"column":5}}]},"35":{"loc":{"start":{"line":263,"column":8},"end":{"line":263,"column":69}},"type":"binary-expr","locations":[{"start":{"line":263,"column":8},"end":{"line":263,"column":30}},{"start":{"line":263,"column":34},"end":{"line":263,"column":69}}]},"36":{"loc":{"start":{"line":272,"column":18},"end":{"line":272,"column":42}},"type":"binary-expr","locations":[{"start":{"line":272,"column":18},"end":{"line":272,"column":33}},{"start":{"line":272,"column":37},"end":{"line":272,"column":42}}]},"37":{"loc":{"start":{"line":273,"column":17},"end":{"line":273,"column":40}},"type":"binary-expr","locations":[{"start":{"line":273,"column":17},"end":{"line":273,"column":31}},{"start":{"line":273,"column":35},"end":{"line":273,"column":40}}]},"38":{"loc":{"start":{"line":275,"column":2},"end":{"line":279,"column":3}},"type":"if","locations":[{"start":{"line":275,"column":2},"end":{"line":279,"column":3}}]},"39":{"loc":{"start":{"line":281,"column":21},"end":{"line":281,"column":64}},"type":"binary-expr","locations":[{"start":{"line":281,"column":21},"end":{"line":281,"column":35}},{"start":{"line":281,"column":39},"end":{"line":281,"column":64}}]},"40":{"loc":{"start":{"line":283,"column":2},"end":{"line":286,"column":3}},"type":"if","locations":[{"start":{"line":283,"column":2},"end":{"line":286,"column":3}}]},"41":{"loc":{"start":{"line":291,"column":49},"end":{"line":291,"column":81}},"type":"binary-expr","locations":[{"start":{"line":291,"column":49},"end":{"line":291,"column":64}},{"start":{"line":291,"column":68},"end":{"line":291,"column":81}}]},"42":{"loc":{"start":{"line":293,"column":4},"end":{"line":296,"column":5}},"type":"if","locations":[{"start":{"line":293,"column":4},"end":{"line":296,"column":5}}]},"43":{"loc":{"start":{"line":298,"column":4},"end":{"line":302,"column":5}},"type":"if","locations":[{"start":{"line":298,"column":4},"end":{"line":302,"column":5}}]},"44":{"loc":{"start":{"line":309,"column":4},"end":{"line":313,"column":5}},"type":"if","locations":[{"start":{"line":309,"column":4},"end":{"line":313,"column":5}},{"start":{"line":311,"column":11},"end":{"line":313,"column":5}}]},"45":{"loc":{"start":{"line":309,"column":8},"end":{"line":309,"column":69}},"type":"binary-expr","locations":[{"start":{"line":309,"column":8},"end":{"line":309,"column":30}},{"start":{"line":309,"column":34},"end":{"line":309,"column":69}}]},"46":{"loc":{"start":{"line":318,"column":18},"end":{"line":318,"column":42}},"type":"binary-expr","locations":[{"start":{"line":318,"column":18},"end":{"line":318,"column":33}},{"start":{"line":318,"column":37},"end":{"line":318,"column":42}}]},"47":{"loc":{"start":{"line":319,"column":17},"end":{"line":319,"column":40}},"type":"binary-expr","locations":[{"start":{"line":319,"column":17},"end":{"line":319,"column":31}},{"start":{"line":319,"column":35},"end":{"line":319,"column":40}}]},"48":{"loc":{"start":{"line":321,"column":2},"end":{"line":325,"column":3}},"type":"if","locations":[{"start":{"line":321,"column":2},"end":{"line":325,"column":3}}]},"49":{"loc":{"start":{"line":327,"column":2},"end":{"line":329,"column":3}},"type":"if","locations":[{"start":{"line":327,"column":2},"end":{"line":329,"column":3}}]},"50":{"loc":{"start":{"line":331,"column":2},"end":{"line":334,"column":3}},"type":"if","locations":[{"start":{"line":331,"column":2},"end":{"line":334,"column":3}}]},"51":{"loc":{"start":{"line":344,"column":4},"end":{"line":346,"column":5}},"type":"if","locations":[{"start":{"line":344,"column":4},"end":{"line":346,"column":5}}]},"52":{"loc":{"start":{"line":348,"column":4},"end":{"line":355,"column":5}},"type":"if","locations":[{"start":{"line":348,"column":4},"end":{"line":355,"column":5}},{"start":{"line":351,"column":11},"end":{"line":355,"column":5}}]},"53":{"loc":{"start":{"line":348,"column":8},"end":{"line":348,"column":74}},"type":"binary-expr","locations":[{"start":{"line":348,"column":8},"end":{"line":348,"column":30}},{"start":{"line":348,"column":34},"end":{"line":348,"column":74}}]},"54":{"loc":{"start":{"line":351,"column":11},"end":{"line":355,"column":5}},"type":"if","locations":[{"start":{"line":351,"column":11},"end":{"line":355,"column":5}},{"start":{"line":353,"column":11},"end":{"line":355,"column":5}}]},"55":{"loc":{"start":{"line":351,"column":15},"end":{"line":351,"column":81}},"type":"binary-expr","locations":[{"start":{"line":351,"column":15},"end":{"line":351,"column":37}},{"start":{"line":351,"column":41},"end":{"line":351,"column":81}}]}},"s":{"0":0,"1":0,"2":0,"3":0,"4":0,"5":0,"6":0,"7":0,"8":0,"9":0,"10":0,"11":0,"12":0,"13":0,"14":0,"15":0,"16":0,"17":0,"18":0,"19":0,"20":0,"21":0,"22":0,"23":0,"24":0,"25":0,"26":0,"27":0,"28":0,"29":0,"30":0,"31":0,"32":0,"33":0,"34":0,"35":0,"36":0,"37":0,"38":0,"39":0,"40":0,"41":0,"42":0,"43":0,"44":0,"45":0,"46":0,"47":0,"48":0,"49":0,"50":0,"51":0,"52":0,"53":0,"54":0,"55":0,"56":0,"57":0,"58":0,"59":0,"60":0,"61":0,"62":0,"63":0,"64":0,"65":0,"66":0,"67":0,"68":0,"69":0,"70":0,"71":0,"72":0,"73":0,"74":0,"75":0,"76":0,"77":0,"78":0,"79":0,"80":0,"81":0,"82":0,"83":0,"84":0,"85":0,"86":0,"87":0,"88":0,"89":0,"90":0,"91":0,"92":0,"93":0,"94":0,"95":0,"96":0,"97":0,"98":0,"99":0,"100":0,"101":0,"102":0,"103":0,"104":0,"105":0,"106":0,"107":0,"108":0,"109":0,"110":0,"111":0,"112":0,"113":0,"114":0,"115":0,"116":0,"117":0,"118":0,"119":0,"120":0,"121":0,"122":0,"123":0,"124":0,"125":0,"126":0,"127":0,"128":0,"129":0,"130":0,"131":0,"132":0,"133":0,"134":0,"135":0,"136":0,"137":0,"138":0,"139":0,"140":0,"141":0,"142":0,"143":0,"144":0,"145":0,"146":0,"147":0,"148":0,"149":0,"150":0,"151":0,"152":0,"153":0,"154":0,"155":0,"156":0,"157":0,"158":0,"159":0,"160":0,"161":0,"162":0,"163":0,"164":0,"165":0,"166":0,"167":0,"168":0,"169":0,"170":0,"171":0,"172":0,"173":0,"174":0},"f":{"0":0,"1":0,"2":0,"3":0,"4":0,"5":0,"6":0,"7":0,"8":0,"9":0,"10":0,"11":0,"12":0},"b":{"0":[0,0],"1":[0,0],"2":[0,0],"3":[0,0],"4":[0],"5":[0],"6":[0,0,0,0,0,0],"7":[0,0],"8":[0],"9":[0],"10":[0,0],"11":[0,0],"12":[0,0],"13":[0,0],"14":[0,0],"15":[0],"16":[0],"17":[0,0],"18":[0,0],"19":[0],"20":[0],"21":[0,0],"22":[0,0],"23":[0,0],"24":[0,0],"25":[0,0],"26":[0],"27":[0],"28":[0,0],"29":[0],"30":[0],"31":[0,0],"32":[0],"33":[0],"34":[0,0],"35":[0,0],"36":[0,0],"37":[0,0],"38":[0],"39":[0,0],"40":[0],"41":[0,0],"42":[0],"43":[0],"44":[0,0],"45":[0,0],"46":[0,0],"47":[0,0],"48":[0],"49":[0],"50":[0],"51":[0],"52":[0,0],"53":[0,0],"54":[0,0],"55":[0,0]}}
,"/Users/zachkysar/git/scaffold/src/models/scaffold-config.ts": {"path":"/Users/zachkysar/git/scaffold/src/models/scaffold-config.ts","statementMap":{"0":{"start":{"line":35,"column":0},"end":{"line":35,"column":null}},"1":{"start":{"line":36,"column":2},"end":{"line":36,"column":null}},"2":{"start":{"line":37,"column":2},"end":{"line":37,"column":null}},"3":{"start":{"line":38,"column":2},"end":{"line":38,"column":null}}},"fnMap":{"0":{"name":"(anonymous_0)","decl":{"start":{"line":35,"column":0},"end":{"line":35,"column":12}},"loc":{"start":{"line":35,"column":23},"end":{"line":39,"column":1}}}},"branchMap":{"0":{"loc":{"start":{"line":35,"column":12},"end":{"line":35,"column":null}},"type":"binary-expr","locations":[{"start":{"line":35,"column":12},"end":{"line":35,"column":23}},{"start":{"line":35,"column":23},"end":{"line":35,"column":null}}]}},"s":{"0":0,"1":0,"2":0,"3":0},"f":{"0":0},"b":{"0":[0,0]}}
,"/Users/zachkysar/git/scaffold/src/services/configuration.service.ts": {"path":"/Users/zachkysar/git/scaffold/src/services/configuration.service.ts","statementMap":{"0":{"start":{"line":5,"column":0},"end":{"line":5,"column":31}},"1":{"start":{"line":6,"column":0},"end":{"line":6,"column":29}},"2":{"start":{"line":7,"column":0},"end":{"line":7,"column":25}},"3":{"start":{"line":14,"column":0},"end":{"line":14,"column":40}},"4":{"start":{"line":66,"column":33},"end":{"line":66,"column":71}},"5":{"start":{"line":67,"column":31},"end":{"line":67,"column":68}},"6":{"start":{"line":68,"column":19},"end":{"line":68,"column":24}},"7":{"start":{"line":71,"column":21},"end":{"line":71,"column":41}},"8":{"start":{"line":72,"column":21},"end":{"line":72,"column":43}},"9":{"start":{"line":77,"column":4},"end":{"line":79,"column":5}},"10":{"start":{"line":78,"column":6},"end":{"line":78,"column":83}},"11":{"start":{"line":81,"column":4},"end":{"line":84,"column":5}},"12":{"start":{"line":82,"column":21},"end":{"line":82,"column":48}},"13":{"start":{"line":83,"column":6},"end":{"line":83,"column":51}},"14":{"start":{"line":87,"column":21},"end":{"line":87,"column":53}},"15":{"start":{"line":88,"column":4},"end":{"line":90,"column":5}},"16":{"start":{"line":89,"column":6},"end":{"line":89,"column":27}},"17":{"start":{"line":93,"column":4},"end":{"line":96,"column":5}},"18":{"start":{"line":94,"column":27},"end":{"line":94,"column":94}},"19":{"start":{"line":95,"column":6},"end":{"line":95,"column":63}},"20":{"start":{"line":95,"column":38},"end":{"line":95,"column":63}},"21":{"start":{"line":98,"column":4},"end":{"line":101,"column":5}},"22":{"start":{"line":99,"column":29},"end":{"line":99,"column":98}},"23":{"start":{"line":100,"column":6},"end":{"line":100,"column":67}},"24":{"start":{"line":100,"column":40},"end":{"line":100,"column":67}},"25":{"start":{"line":103,"column":24},"end":{"line":103,"column":90}},"26":{"start":{"line":104,"column":4},"end":{"line":104,"column":28}},"27":{"start":{"line":108,"column":4},"end":{"line":110,"column":5}},"28":{"start":{"line":109,"column":6},"end":{"line":109,"column":37}},"29":{"start":{"line":112,"column":17},"end":{"line":112,"column":44}},"30":{"start":{"line":113,"column":4},"end":{"line":116,"column":5}},"31":{"start":{"line":114,"column":6},"end":{"line":114,"column":47}},"32":{"start":{"line":115,"column":6},"end":{"line":115,"column":42}},"33":{"start":{"line":118,"column":4},"end":{"line":118,"column":44}},"34":{"start":{"line":119,"column":4},"end":{"line":119,"column":40}},"35":{"start":{"line":123,"column":4},"end":{"line":125,"column":5}},"36":{"start":{"line":124,"column":6},"end":{"line":124,"column":76}},"37":{"start":{"line":127,"column":4},"end":{"line":127,"column":44}},"38":{"start":{"line":131,"column":26},"end":{"line":131,"column":57}},"39":{"start":{"line":132,"column":4},"end":{"line":132,"column":47}},"40":{"start":{"line":133,"column":4},"end":{"line":133,"column":40}},"41":{"start":{"line":137,"column":4},"end":{"line":152,"column":5}},"42":{"start":{"line":139,"column":8},"end":{"line":139,"column":67}},"43":{"start":{"line":141,"column":8},"end":{"line":143,"column":9}},"44":{"start":{"line":142,"column":10},"end":{"line":142,"column":52}},"45":{"start":{"line":144,"column":8},"end":{"line":144,"column":73}},"46":{"start":{"line":146,"column":8},"end":{"line":148,"column":9}},"47":{"start":{"line":147,"column":10},"end":{"line":147,"column":50}},"48":{"start":{"line":149,"column":8},"end":{"line":149,"column":71}},"49":{"start":{"line":151,"column":8},"end":{"line":151,"column":58}},"50":{"start":{"line":156,"column":19},"end":{"line":156,"column":83}},"51":{"start":{"line":158,"column":4},"end":{"line":185,"column":5}},"52":{"start":{"line":159,"column":6},"end":{"line":184,"column":7}},"53":{"start":{"line":160,"column":27},"end":{"line":160,"column":52}},"54":{"start":{"line":162,"column":8},"end":{"line":176,"column":9}},"55":{"start":{"line":163,"column":29},"end":{"line":163,"column":58}},"56":{"start":{"line":164,"column":25},"end":{"line":164,"column":73}},"57":{"start":{"line":165,"column":10},"end":{"line":165,"column":46}},"58":{"start":{"line":168,"column":32},"end":{"line":168,"column":63}},"59":{"start":{"line":169,"column":10},"end":{"line":169,"column":53}},"60":{"start":{"line":172,"column":10},"end":{"line":175,"column":11}},"61":{"start":{"line":173,"column":12},"end":{"line":173,"column":52}},"62":{"start":{"line":174,"column":12},"end":{"line":174,"column":73}},"63":{"start":{"line":178,"column":8},"end":{"line":178,"column":77}},"64":{"start":{"line":178,"column":68},"end":{"line":178,"column":77}},"65":{"start":{"line":179,"column":8},"end":{"line":179,"column":73}},"66":{"start":{"line":179,"column":64},"end":{"line":179,"column":73}},"67":{"start":{"line":182,"column":30},"end":{"line":182,"column":61}},"68":{"start":{"line":183,"column":8},"end":{"line":183,"column":51}},"69":{"start":{"line":187,"column":4},"end":{"line":187,"column":23}},"70":{"start":{"line":192,"column":4},"end":{"line":194,"column":5}},"71":{"start":{"line":193,"column":6},"end":{"line":193,"column":38}},"72":{"start":{"line":196,"column":24},"end":{"line":196,"column":47}},"73":{"start":{"line":197,"column":4},"end":{"line":197,"column":43}},"74":{"start":{"line":199,"column":4},"end":{"line":203,"column":5}},"75":{"start":{"line":200,"column":6},"end":{"line":200,"column":24}},"76":{"start":{"line":202,"column":6},"end":{"line":202,"column":35}},"77":{"start":{"line":207,"column":4},"end":{"line":207,"column":39}},"78":{"start":{"line":211,"column":19},"end":{"line":211,"column":107}},"79":{"start":{"line":212,"column":22},"end":{"line":212,"column":65}},"80":{"start":{"line":213,"column":20},"end":{"line":213,"column":61}},"81":{"start":{"line":216,"column":20},"end":{"line":216,"column":42}},"82":{"start":{"line":219,"column":4},"end":{"line":221,"column":5}},"83":{"start":{"line":220,"column":6},"end":{"line":220,"column":58}},"84":{"start":{"line":224,"column":4},"end":{"line":226,"column":5}},"85":{"start":{"line":225,"column":6},"end":{"line":225,"column":56}},"86":{"start":{"line":229,"column":4},"end":{"line":229,"column":46}},"87":{"start":{"line":231,"column":4},"end":{"line":231,"column":21}},"88":{"start":{"line":236,"column":19},"end":{"line":236,"column":46}},"89":{"start":{"line":237,"column":4},"end":{"line":239,"column":5}},"90":{"start":{"line":238,"column":6},"end":{"line":238,"column":68}},"91":{"start":{"line":241,"column":23},"end":{"line":241,"column":48}},"92":{"start":{"line":242,"column":4},"end":{"line":242,"column":44}},"93":{"start":{"line":243,"column":4},"end":{"line":243,"column":58}},"94":{"start":{"line":247,"column":23},"end":{"line":247,"column":48}},"95":{"start":{"line":248,"column":22},"end":{"line":248,"column":46}},"96":{"start":{"line":249,"column":4},"end":{"line":249,"column":34}},"97":{"start":{"line":253,"column":45},"end":{"line":259,"column":6}},"98":{"start":{"line":261,"column":41},"end":{"line":271,"column":6}},"99":{"start":{"line":273,"column":42},"end":{"line":275,"column":6}},"100":{"start":{"line":277,"column":4},"end":{"line":284,"column":6}},"101":{"start":{"line":289,"column":
[...]
{"start":{"line":424,"column":4},"end":{"line":428,"column":7}},"145":{"start":{"line":431,"column":4},"end":{"line":433,"column":5}},"146":{"start":{"line":432,"column":6},"end":{"line":432,"column":74}},"147":{"start":{"line":435,"column":4},"end":{"line":435,"column":17}},"148":{"start":{"line":59,"column":0},"end":{"line":59,"column":13}}},"fnMap":{"0":{"name":"(anonymous_0)","decl":{"start":{"line":63,"column":2},"end":{"line":63,"column":31}},"loc":{"start":{"line":63,"column":62},"end":{"line":63,"column":66}}},"1":{"name":"(anonymous_1)","decl":{"start":{"line":65,"column":2},"end":{"line":65,"column":21}},"loc":{"start":{"line":65,"column":112},"end":{"line":106,"column":3}}},"2":{"name":"(anonymous_2)","decl":{"start":{"line":108,"column":2},"end":{"line":108,"column":7}},"loc":{"start":{"line":108,"column":116},"end":{"line":128,"column":3}}},"3":{"name":"(anonymous_3)","decl":{"start":{"line":130,"column":2},"end":{"line":130,"column":18}},"loc":{"start":{"line":130,"column":106},"end":{"line":132,"column":3}}},"4":{"name":"(anonymous_4)","decl":{"start":{"line":134,"column":2},"end":{"line":134,"column":27}},"loc":{"start":{"line":134,"column":77},"end":{"line":228,"column":3}}},"5":{"name":"(anonymous_5)","decl":{"start":{"line":186,"column":21},"end":{"line":186,"column":22}},"loc":{"start":{"line":186,"column":26},"end":{"line":186,"column":45}}},"6":{"name":"(anonymous_6)","decl":{"start":{"line":193,"column":19},"end":{"line":193,"column":20}},"loc":{"start":{"line":193,"column":24},"end":{"line":193,"column":43}}},"7":{"name":"(anonymous_7)","decl":{"start":{"line":199,"column":19},"end":{"line":199,"column":20}},"loc":{"start":{"line":199,"column":24},"end":{"line":199,"column":43}}},"8":{"name":"(anonymous_8)","decl":{"start":{"line":230,"column":2},"end":{"line":230,"column":18}},"loc":{"start":{"line":230,"column":34},"end":{"line":253,"column":3}}},"9":{"name":"(anonymous_9)","decl":{"start":{"line":255,"column":2},"end":{"line":255,"column":21}},"loc":{"start":{"line":255,"column":59},"end":{"line":264,"column":3}}},"10":{"name":"(anonymous_10)","decl":{"start":{"line":266,"column":2},"end":{"line":266,"column":15}},"loc":{"start":{"line":266,"column":46},"end":{"line":291,"column":3}}},"11":{"name":"(anonymous_11)","decl":{"start":{"line":272,"column":21},"end":{"line":272,"column":24}},"loc":{"start":{"line":272,"column":27},"end":{"line":272,"column":48}}},"12":{"name":"(anonymous_12)","decl":{"start":{"line":273,"column":16},"end":{"line":273,"column":19}},"loc":{"start":{"line":273,"column":22},"end":{"line":273,"column":53}}},"13":{"name":"(anonymous_13)","decl":{"start":{"line":274,"column":20},"end":{"line":274,"column":23}},"loc":{"start":{"line":274,"column":26},"end":{"line":274,"column":43}}},"14":{"name":"(anonymous_14)","decl":{"start":{"line":275,"column":16},"end":{"line":275,"column":19}},"loc":{"start":{"line":275,"column":22},"end":{"line":275,"column":34}}},"15":{"name":"(anonymous_15)","decl":{"start":{"line":276,"column":16},"end":{"line":276,"column":19}},"loc":{"start":{"line":276,"column":22},"end":{"line":276,"column":50}}},"16":{"name":"(anonymous_16)","decl":{"start":{"line":277,"column":17},"end":{"line":277,"column":20}},"loc":{"start":{"line":277,"column":23},"end":{"line":277,"column":71}}},"17":{"name":"(anonymous_17)","decl":{"start":{"line":278,"column":15},"end":{"line":278,"column":18}},"loc":{"start":{"line":278,"column":21},"end":{"line":278,"column":62}}},"18":{"name":"(anonymous_18)","decl":{"start":{"line":281,"column":17},"end":{"line":281,"column":18}},"loc":{"start":{"line":281,"column":36},"end":{"line":281,"column":55}}},"19":{"name":"(anonymous_19)","decl":{"start":{"line":282,"column":17},"end":{"line":282,"column":18}},"loc":{"start":{"line":282,"column":36},"end":{"line":282,"column":55}}},"20":{"name":"(anonymous_20)","decl":{"start":{"line":283,"column":21},"end":{"line":283,"column":22}},"loc":{"start":{"line":283,"column":40},"end":{"line":283,"column":63}}},"21":{"name":"(anonymous_21)","decl":{"start":{"line":284,"column":21},"end":{"line":284,"column":22}},"loc":{"start":{"line":284,"column":40},"end":{"line":284,"column":63}}},"22":{"name":"(anonymous_22)","decl":{"start":{"line":285,"column":21},"end":{"line":285,"column":22}},"loc":{"start":{"line":285,"column":40},"end":{"line":285,"column":63}}},"23":{"name":"(anonymous_23)","decl":{"start":{"line":286,"column":22},"end":{"line":286,"column":23}},"loc":{"start":{"line":286,"column":41},"end":{"line":286,"column":65}}},"24":{"name":"(anonymous_24)","decl":{"start":{"line":287,"column":22},"end":{"line":287,"column":23}},"loc":{"start":{"line":287,"column":41},"end":{"line":287,"column":101}}},"25":{"name":"(anonymous_25)","decl":{"start":{"line":288,"column":16},"end":{"line":288,"column":17}},"loc":{"start":{"line":288,"column":35},"end":{"line":288,"column":47}}},"26":{"name":"(anonymous_26)","decl":{"start":{"line":293,"column":10},"end":{"line":293,"column":29}},"loc":{"start":{"line":297,"column":40},"end":{"line":314,"column":3}}},"27":{"name":"(anonymous_27)","decl":{"start":{"line":299,"column":49},"end":{"line":299,"column":50}},"loc":{"start":{"line":299,"column":69},"end":{"line":313,"column":5}}},"28":{"name":"(anonymous_28)","decl":{"start":{"line":316,"column":10},"end":{"line":316,"column":25}},"loc":{"start":{"line":320,"column":40},"end":{"line":366,"column":3}}},"29":{"name":"(anonymous_29)","decl":{"start":{"line":368,"column":10},"end":{"line":368,"column":30}},"loc":{"start":{"line":368,"column":78},"end":{"line":382,"column":3}}},"30":{"name":"(anonymous_30)","decl":{"start":{"line":384,"column":10},"end":{"line":384,"column":22}},"loc":{"start":{"line":384,"column":38},"end":{"line":388,"column":3}}},"31":{"name":"(anonymous_31)","decl":{"start":{"line":387,"column":44},"end":{"line":387,"column":49}},"loc":{"start":{"line":387,"column":53},"end":{"line":387,"column":76}}},"32":{"name":"(anonymous_32)","decl":{"start":{"line":390,"column":10},"end":{"line":390,"column":21}},"loc":{"start":{"line":390,"column":35},"end":{"line":394,"column":3}}},"33":{"name":"(anonymous_33)","decl":{"start":{"line":392,"column":31},"end":{"line":392,"column":32}},"loc":{"start":{"line":392,"column":44},"end":{"line":392,"column":74}}},"34":{"name":"(anonymous_34)","decl":{"start":{"line":393,"column":25},"end":{"line":393,"column":29}},"loc":{"start":{"line":393,"column":33},"end":{"line":393,"column":51}}},"35":{"name":"(anonymous_35)","decl":{"start":{"line":396,"column":10},"end":{"line":396,"column":21}},"loc":{"start":{"line":396,"column":35},"end":{"line":401,"column":3}}},"36":{"name":"(anonymous_36)","decl":{"start":{"line":403,"column":10},"end":{"line":403,"column":21}},"loc":{"start":{"line":403,"column":35},"end":{"line":408,"column":3}}},"37":{"name":"(anonymous_37)","decl":{"start":{"line":410,"column":10},"end":{"line":410,"column":22}},"loc":{"start":{"line":410,"column":36},"end":{"line":414,"column":3}}},"38":{"name":"(anonymous_38)","decl":{"start":{"line":412,"column":31},"end":{"line":412,"column":32}},"loc":{"start":{"line":412,"column":44},"end":{"line":412,"column":74}}},"39":{"name":"(anonymous_39)","decl":{"start":{"line":413,"column":25},"end":{"line":413,"column":29}},"loc":{"start":{"line":413,"column":33},"end":{"line":413,"column":51}}},"40":{"name":"(anonymous_40)","decl":{"start":{"line":416,"column":10},"end":{"line":416,"column":22}},"loc":{"start":{"line":420,"column":3},"end":{"line":436,"column":3}}}},"branchMap":{"0":{"loc":{"start":{"line":65,"column":71},"end":{"line":65,"column":112}},"type":"default-arg","locations":[{"start":{"line":65,"column":110},"end":{"line":65,"column":112}}]},"1":{"loc":{"start":{"line":85,"column":6},"end":{"line":87,"column":7}},"type":"if","locations":[{"start":{"line":85,"column":6},"end":{"line":87,"column":7}}]},"2":{"loc":{"start":{"line":92,"column":4},"end":{"line":98,"column":5}},"type":"if","locations":[{"start":{"line":92,"column":4},"end":{"line":98,"column":5}}]},"3":{"loc":{"start":{"line":92,"column":8},"end":{"line":92,"column":59}},"type":"binary-expr","locations":[{"start":{"line":92,"column":8},"end":{"line":92,"column":30}},{"start":{"line":92,"column":34},"end":{"line":92,"column":59}}]},"4":{"loc":{"start":{"line":93,"column":6},"end":{"line":97,"column":7}},"type":"if","locations":[{"start":{"line":93,"column":6},"end":{"line":97,"column":7}},{"start":{"line":95,"column":13},"end":{"line":97,"column":7}}]},"5":{"loc":{"start":{"line":101,"column":4},"end":{"line":103,"column":5}},"type":"if","locations":[{"start":{"line":101,"column":4},"end":{"line":103,"column":5}}]},"6":{"loc":{"start":{"line":108,"column":75},"end":{"line":108,"column":116}},"type":"default-arg","locations":[{"start":{"line":108,"column":114},"end":{"line":108,"column":116}}]},"7":{"loc":{"start":{"line":110,"column":6},"end":{"line":112,"column":7}},"type":"if","locations":[{"start":{"line":110,"column":6},"end":{"line":112,"column":7}}]},"8":{"loc":{"start":{"line":130,"column":65},"end":{"line":130,"column":106}},"type":"default-arg","locations":[{"start":{"line":130,"column":104},"end":{"line":130,"column":106}}]},"9":{"loc":{"start":{"line":139,"column":6},"end":{"line":176,"column":7}},"type":"if","locations":[{"start":{"line":139,"column":6},"end":{"line":176,"column":7}}]},"10":{"loc":{"start":{"line":142,"column":8},"end":{"line":175,"column":9}},"type":"if","locations":[{"start":{"line":142,"column":8},"end":{"line":175,"column":9}},{"start":{"line":158,"column":15},"end":{"line":175,"column":9}}]},"11":{"loc":{"start":{"line":142,"column":12},"end":{"line":142,"column":65}},"type":"binary-expr","locations":[{"start":{"line":142,"column":12},"end":{"line":142,"column":31}},{"start":{"line":142,"column":35},"end":{"line":142,"column":49}},{"start":{"line":142,"column":53},"end":{"line":142,"column":65}}]},"12":{"loc":{"start":{"line":149,"column":22},"end":{"line":149,"column":80}},"type":"binary-expr","locations":[{"start":{"line":149,"column":22},"end":{"line":149,"column":45}},{"start":{"line":149,"column":49},"end":{"line":149,"column":80}}]},"13":{"loc":{"start":{"line":153,"column":24},"end":{"line":155,"column":57}},"type":"cond-expr","locations":[{"start":{"line":154,"column":16},"end":{"line":154,"column":72}},{"start":{"line":155,"column":16},"end":{"line":155,"column":57}}]},"14":{"loc":{"start":{"line":158,"column":15},"end":{"line":175,"column":9}},"type":"if","locations":[{"start":{"line":158,"column":15},"end":{"line":175,"column":9}}]},"15":{"loc":{"start":{"line":160,"column":10},"end":{"line":174,"column":11}},"type":"if","locations":[{"start":{"line":160,"column":10},"end":{"line":174,"column":11}}]},"16":{"loc":{"start":{"line":184,"column":6},"end":{"line":187,"column":7}},"type":"if","locations":[{"start":{"line":184,"column":6},"end":{"line":187,"column":7}}]},"17":{"loc":{"start":{"line":184,"column":10},"end":{"line":184,"column":50}},"type":"binary-expr","locations":[{"start":{"line":184,"column":10},"end":{"line":184,"column":34}},{"start":{"line":184,"column":38},"end":{"line":184,"column":50}}]},"18":{"loc":{"start":{"line":206,"column":6},"end":{"line":224,"column":7}},"type":"if","locations":[{"start":{"line":206,"column":6},"end":{"line":224,"column":7}}]},"19":{"loc":{"start":{"line":206,"column":10},"end":{"line":206,"column":47}},"type":"binary-expr","locations":[{"start":{"line":206,"column":10},"end":{"line":206,"column":29}},{"start":{"line":206,"column":33},"end":{"line":206,"column":47}}]},"20":{"loc":{"start":{"line":209,"column":8},"end":{"line":223,"column":9}},"type":"if","locations":[{"start":{"line":209,"column":8},"end":{"line":223,"column":9}}]},"21":{"loc":{"start":{"line":240,"column":6},"end":{"line":242,"column":7}},"type":"if","locations":[{"start":{"line":240,"column":6},"end":{"line":242,"column":7}}]},"22":{"loc":{"start":{"line":247,"column":6},"end":{"line":249,"column":7}},"type":"if","locations":[{"start":{"line":247,"column":6},"end":{"line":249,"column":7}}]},"23":{"loc":{"start":{"line":247,"column":10},"end":{"line":247,"column":49}},"type":"binary-expr","locations":[{"start":{"line":247,"column":10},"end":{"line":247,"column":17}},{"start":{"line":247,"column":21},"end":{"line":247,"column":49}}]},"24":{"loc":{"start":{"line":259,"column":4},"end":{"line":261,"column":5}},"type":"if","locations":[{"start":{"line":259,"column":4},"end":{"line":261,"column":5}}]},"25":{"loc":{"start":{"line":301,"column":6},"end":{"line":303,"column":7}},"type":"if","locations":[{"start":{"line":301,"column":6},"end":{"line":303,"column":7}}]},"26":{"loc":{"start":{"line":308,"column":8},"end":{"line":310,"column":9}},"type":"if","locations":[{"start":{"line":308,"column":8},"end":{"line":310,"column":9}}]},"27":{"loc":{"start":{"line":309,"column":77},"end":{"line":309,"column":131}},"type":"cond-expr","locations":[{"start":{"line":309,"column":102},"end":{"line":309,"column":115}},{"start":{"line":309,"column":118},"end":{"line":309,"column":131}}]},"28":{"loc":{"start":{"line":325,"column":22},"end":{"line":325,"column":121}},"type":"binary-expr","locations":[{"start":{"line":325,"column":22},"end":{"line":325,"column":38}},{"start":{"line":325,"column":43},"end":{"line":325,"column":120}}]},"29":{"loc":{"start":{"line":325,"column":43},"end":{"line":325,"column":120}},"type":"cond-expr","locations":[{"start":{"line":325,"column":96},"end":{"line":325,"column":108}},{"start":{"line":325,"column":111},"end":{"line":325,"column":120}}]},"30":{"loc":{"start":{"line":325,"column":43},"end":{"line":325,"column":93}},"type":"binary-expr","locations":[{"start":{"line":325,"column":43},"end":{"line":325,"column":61}},{"start":{"line":325,"column":65},"end":{"line":325,"column":93}}]},"31":{"loc":{"start":{"line":328,"column":4},"end":{"line":330,"column":5}},"type":"if","locations":[{"start":{"line":328,"column":4},"end":{"line":330,"column":5}}]},"32":{"loc":{"start":{"line":328,"column":8},"end":{"line":328,"column":60}},"type":"binary-expr","locations":[{"start":{"line":328,"column":8},"end":{"line":328,"column":34}},{"start":{"line":328,"column":38},"end":{"line":328,"column":60}}]},"33":{"loc":{"start":{"line":335,"column":4},"end":{"line":340,"column":5}},"type":"if","locations":[{"start":{"line":335,"column":4},"end":{"line":340,"column":5}}]},"34":{"loc":{"start":{"line":337,"column":6},"end":{"line":339,"column":7}},"type":"if","locations":[{"start":{"line":337,"column":6},"end":{"line":339,"column":7}}]},"35":{"loc":{"start":{"line":343,"column":4},"end":{"line":345,"column":5}},"type":"if","locations":[{"start":{"line":343,"column":4},"end":{"line":345,"column":5}}]},"36":{"loc":{"start":{"line":343,"column":8},"end":{"line":343,"column":57}},"type":"binary-expr","locations":[{"start":{"line":343,"column":8},"end":{"line":343,"column":27}},{"start":{"line":343,"column":31},"end":{"line":343,"column":57}}]},"37":{"loc":{"start":{"line":348,"column":4},"end":{"line":353,"column":5}},"type":"if","locations":[{"start":{"line":348,"column":4},"end":{"line":353,"column":5}}]},"38":{"loc":{"start":{"line":349,"column":6},"end":{"line":351,"column":7}},"type":"if","locations":[{"start":{"line":349,"column":6},"end":{"line":351,"column":7}}]},"39":{"loc":{"start":{"line":359,"column":4},"end":{"line":363,"column":5}},"type":"if","locations":[{"start":{"line":359,"column":4},"end":{"line":363,"column":5}},{"start":{"line":361,"column":11},"end":{"line":363,"column":5}}]},"40":{"loc":{"start":{"line":359,"column":8},"end":{"line":359,"column":50}},"type":"binary-expr","locations":[{"start":{"line":359,"column":8},"end":{"line":359,"column":17}},{"start":{"line":359,"column":21},"end":{"line":359,"column":50}}]},"41":{"loc":{"start":{"line":361,"column":11},"end":{"line":363,"column":5}},"type":"if","locations":[{"start":{"line":361,"column":11},"end":{"line":363,"column":5}}]},"42":{"loc":{"start":{"line":361,"column":15},"end":{"line":361,"column":58}},"type":"binary-expr","locations":[{"start":{"line":361,"column":15},"end":{"line":361,"column":24}},{"start":{"line":361,"column":28},"end":{"line":361,"column":58}}]},"43":{"loc":{"start":{"line":374,"column":6},"end":{"line":378,"column":7}},"type":"if","locations":[{"start":{"line":374,"column":6},"end":{"line":378,"column":7}},{"start":{"line":376,"column":13},"end":{"line":378,"column":7}}]},"44":{"loc":{"start":{"line":374,"column":10},"end":{"line":374,"column":61}},"type":"binary-expr","locations":[{"start":{"line":374,"column":10},"end":{"line":374,"column":15}},{"start":{"line":374,"column":19},"end":{"line":374,"column":44}},{"start":{"line":374,"column":48},"end":{"line":374,"column":61}}]},"45":{"loc":{"start":{"line":387,"column":11},"end":{"line":387,"column":77}},"type":"binary-expr","locations":[{"start":{"line":387,"column":11},"end":{"line":387,"column":27}},{"start":{"line":387,"column":31},"end":{"line":387,"column":77}}]},"46":{"loc":{"start":{"line":392,"column":44},"end":{"line":392,"column":74}},"type":"cond-expr","locations":[{"start":{"line":392,"column":51},"end":{"line":392,"column":69}},{"start":{"line":392,"column":72},"end":{"line":392,"column":74}}]},"47":{"loc":{"start":{"line":412,"column":44},"end":{"line":412,"column":74}},"type":"cond-expr","locations":[{"start":{"line":412,"column":51},"end":{"line":412,"column":69}},{"start":{"line":412,"column":72},"end":{"line":412,"column":74}}]},"48":{"loc":{"start":{"line":421,"column":43},"end":{"line":421,"column":67}},"type":"binary-expr","locations":[{"start":{"line":421,"column":43},"end":{"line":421,"column":61}},{"start":{"line":421,"column":65},"end":{"line":421,"column":67}}]},"49":{"loc":{"start":{"line":431,"column":4},"end":{"line":433,"column":5}},"type":"if","locations":[{"start":{"line":431,"column":4},"end":{"line":433,"column":5}}]},"50":{"loc":{"start":{"line":431,"column":8},"end":{"line":431,"column":44}},"type":"binary-expr","locations":[{"start":{"line":431,"column":8},"end":{"line":431,"column":21}},{"start":{"line":431,"column":25},"end":{"line":431,"column":44}}]}},"s":{"0":0,"1":0,"2":0,"3":0,"4":0,"5":0,"6":0,"7":0,"8":0,"9":0,"10":0,"11":0,"12":0,"13":0,"14":0,"15":0,"16":0,"17":0,"18":0,"19":0,"20":0,"21":0,"22":0,"23":0,"24":0,"25":0,"26":0,"27":0,"28":0,"29":0,"30":0,"31":0,"32":0,"33":0,"34":0,"35":0,"36":0,"37":0,"38":0,"39":0,"40":0,"41":0,"42":0,"43":0,"44":0,"45":0,"46":0,"47":0,"48":0,"49":0,"50":0,"51":0,"52":0,"53":0,"54":0,"55":0,"56":0,"57":0,"58":0,"59":0,"60":0,"61":0,"62":0,"63":0,"64":0,"65":0,"66":0,"67":0,"68":0,"69":0,"70":0,"71":0,"72":0,"73":0,"74":0,"75":0,"76":0,"77":0,"78":0,"79":0,"80":0,"81":0,"82":0,"83":0,"84":0,"85":0,"86":0,"87":0,"88":0,"89":0,"90":0,"91":0,"92":0,"93":0,"94":0,"95":0,"96":0,"97":0,"98":0,"99":0,"100":0,"101":0,"102":0,"103":0,"104":0,"105":0,"106":0,"107":0,"108":0,"109":0,"110":0,"111":0,"112":0,"113":0,"114":0,"115":0,"116":0,"117":0,"118":0,"119":0,"120":0,"121":0,"122":0,"123":0,"124":0,"125":0,"126":0,"127":0,"128":0,"129":0,"130":0,"131":0,"132":0,"133":0,"134":0,"135":0,"136":0,"137":0,"138":0,"139":0,"140":0,"141":0,"142":0,"143":0,"144":0,"145":0,"146":0,"147":0,"148":0},"f":{"0":0,"1":0,"2":0,"3":0,"4":0,"5":0,"6":0,"7":0,"8":0,"9":0,"10":0,"11":0,"12":0,"13":0,"14":0,"15":0,"16":0,"17":0,"18":0,"19":0,"20":0,"21":0,"22":0,"23":0,"24":0,"25":0,"26":0,"27":0,"28":0,"29":0,"30":0,"31":0,"32":0,"33":0,"34":0,"35":0,"36":0,"37":0,"38":0,"39":0,"40":0},"b":{"0":[0],"1":[0],"2":[0],"3":[0,0],"4":[0,0],"5":[0],"6":[0],"7":[0],"8":[0],"9":[0],"10":[0,0],"11":[0,0,0],"12":[0,0],"13":[0,0],"14":[0],"15":[0],"16":[0],"17":[0,0],"18":[0],"19":[0,0],"20":[0],"21":[0],"22":[0],"23":[0,0],"24":[0],"25":[0],"26":[0],"27":[0,0],"28":[0,0],"29":[0,0],"30":[0,0],"31":[0],"32":[0,0],"33":[0],"34":[0],"35":[0],"36":[0,0],"37":[0],"38":[0],"39":[0,0],"40":[0,0],"41":[0],"42":[0,0],"43":[0,0],"44":[0,0,0],"45":[0,0],"46":[0,0],"47":[0,0],"48":[0,0],"49":[0],"50":[0,0]}}
}
