TN:
SF:src/cli/commands/clean.command.ts
FN:18,createCleanCommand
FN:28,(anonymous_2)
FN:40,handleCleanCommand
FN:73,(anonymous_4)
FN:106,(anonymous_5)
FN:115,mockCleanup
FN:123,(anonymous_7)
FN:129,(anonymous_8)
FNF:8
FNH:0
FNDA:0,createCleanCommand
FNDA:0,(anonymous_2)
FNDA:0,handleCleanCommand
FNDA:0,(anonymous_4)
FNDA:0,(anonymous_5)
FNDA:0,mockCleanup
FNDA:0,(anonymous_7)
FNDA:0,(anonymous_8)
DA:6,0
DA:7,0
DA:8,0
DA:18,0
DA:19,0
DA:21,0
DA:29,0
DA:30,0
DA:32,0
DA:33,0
DA:37,0
DA:41,0
DA:42,0
DA:44,0
DA:45,0
DA:48,0
DA:51,0
DA:52,0
DA:53,0
DA:56,0
DA:57,0
DA:60,0
DA:62,0
DA:63,0
DA:64,0
DA:67,0
DA:68,0
DA:71,0
DA:72,0
DA:73,0
DA:74,0
DA:76,0
DA:79,0
DA:81,0
DA:83,0
DA:84,0
DA:86,0
DA:89,0
DA:90,0
DA:92,0
DA:95,0
DA:96,0
DA:97,0
DA:99,0
DA:103,0
DA:104,0
DA:105,0
DA:106,0
DA:107,0
DA:109,0
DA:111,0
DA:117,0
DA:121,0
DA:122,0
DA:123,0
DA:124,0
DA:129,0
DA:131,0
LF:58
LH:0
BRDA:32,0,0,0
BRDA:32,0,1,0
BRDA:41,1,0,0
BRDA:41,1,1,0
BRDA:42,2,0,0
BRDA:42,2,1,0
BRDA:44,3,0,0
BRDA:51,4,0,0
BRDA:51,4,1,0
BRDA:52,5,0,0
BRDA:52,5,1,0
BRDA:53,6,0,0
BRDA:53,6,1,0
BRDA:56,7,0,0
BRDA:56,8,0,0
BRDA:56,8,1,0
BRDA:63,9,0,0
BRDA:67,10,0,0
BRDA:71,11,0,0
BRDA:83,12,0,0
BRDA:89,13,0,0
BRDA:95,14,0,0
BRDA:95,14,1,0
BRDA:103,15,0,0
BRDA:103,16,0,0
BRDA:103,16,1,0
BRDA:117,17,0,0
BRDA:117,17,1,0
BRDA:121,18,0,0
BRF:29
BRH:0
end_of_record
TN:
SF:src/cli/commands/config.command.ts
FN:18,createConfigCommand
FN:31,(anonymous_2)
FN:43,handleConfigCommand
FN:87,handleListConfig
FN:92,handleGetConfig
FN:103,handleSetConfig
FN:122,handleResetConfig
FNF:7
FNH:0
FNDA:0,createConfigCommand
FNDA:0,(anonymous_2)
FNDA:0,handleConfigCommand
FNDA:0,handleListConfig
FNDA:0,handleGetConfig
FNDA:0,handleSetConfig
FNDA:0,handleResetConfig
DA:6,0
DA:7,0
DA:8,0
DA:18,0
DA:19,0
DA:21,0
DA:32,0
DA:33,0
DA:35,0
DA:36,0
DA:40,0
DA:44,0
DA:45,0
DA:47,0
DA:48,0
DA:49,0
DA:50,0
DA:51,0
DA:54,0
DA:56,0
DA:57,0
DA:59,0
DA:60,0
DA:62,0
DA:63,0
DA:65,0
DA:66,0
DA:68,0
DA:69,0
DA:71,0
DA:72,0
DA:73,0
DA:76,0
DA:77,0
DA:78,0
DA:79,0
DA:80,0
DA:81,0
DA:83,0
DA:88,0
DA:89,0
DA:93,0
DA:94,0
DA:95,0
DA:96,0
DA:99,0
DA:100,0
DA:104,0
DA:105,0
DA:106,0
DA:107,0
DA:110,0
DA:111,0
DA:112,0
DA:113,0
DA:114,0
DA:117,0
DA:118,0
DA:119,0
DA:123,0
DA:124,0
DA:125,0
DA:126,0
DA:129,0
DA:130,0
DA:131,0
DA:133,0
LF:67
LH:0
BRDA:35,0,0,0
BRDA:35,0,1,0
BRDA:44,1,0,0
BRDA:44,1,1,0
BRDA:45,2,0,0
BRDA:45,2,1,0
BRDA:47,3,0,0
BRDA:49,4,0,0
BRDA:50,5,0,0
BRDA:57,6,0,0
BRDA:57,6,1,0
BRDA:57,6,2,0
BRDA:57,6,3,0
BRDA:57,6,4,0
BRDA:76,7,0,0
BRDA:76,8,0,0
BRDA:76,8,1,0
BRDA:79,9,0,0
BRDA:80,10,0,0
BRDA:93,11,0,0
BRDA:104,12,0,0
BRDA:104,13,0,0
BRDA:104,13,1,0
BRDA:110,14,0,0
BRDA:123,15,0,0
BRDA:125,16,0,0
BRDA:130,17,0,0
BRDA:130,17,1,0
BRF:28
BRH:0
end_of_record
TN:
SF:src/cli/commands/extend.command.ts
FN:21,createExtendCommand
FN:32,(anonymous_2)
FN:44,handleExtendCommand
FNF:3
FNH:0
FNDA:0,createExtendCommand
FNDA:0,(anonymous_2)
FNDA:0,handleExtendCommand
DA:6,0
DA:7,0
DA:8,0
DA:9,0
DA:11,0
DA:21,0
DA:22,0
DA:24,0
DA:33,0
DA:34,0
DA:36,0
DA:37,0
DA:41,0
DA:45,0
DA:46,0
DA:49,0
DA:51,0
DA:52,0
DA:53,0
DA:57,0
DA:58,0
DA:59,0
DA:63,0
DA:64,0
DA:65,0
DA:67,0
DA:69,0
DA:71,0
DA:72,0
DA:73,0
DA:74,0
DA:75,0
DA:78,0
DA:79,0
DA:80,0
DA:81,0
DA:85,0
DA:86,0
DA:87,0
DA:88,0
DA:90,0
DA:94,0
DA:95,0
DA:96,0
DA:97,0
DA:98,0
DA:99,0
DA:102,0
DA:103,0
DA:104,0
DA:107,0
DA:108,0
DA:109,0
DA:110,0
DA:111,0
DA:113,0
LF:56
LH:0
BRDA:36,0,0,0
BRDA:36,0,1,0
BRDA:45,1,0,0
BRDA:45,1,1,0
BRDA:46,2,0,0
BRDA:46,2,1,0
BRDA:51,3,0,0
BRDA:57,4,0,0
BRDA:71,5,0,0
BRDA:78,6,0,0
BRDA:86,7,0,0
BRDA:90,8,0,0
BRDA:90,8,1,0
BRDA:94,9,0,0
BRDA:107,10,0,0
BRDA:107,11,0,0
BRDA:107,11,1,0
BRF:17
BRH:0
end_of_record
TN:
SF:src/cli/commands/fix.command.ts
FN:19,createFixCommand
FN:29,(anonymous_2)
FN:41,handleFixCommand
FNF:3
FNH:0
FNDA:0,createFixCommand
FNDA:0,(anonymous_2)
FNDA:0,handleFixCommand
DA:6,0
DA:7,0
DA:8,0
DA:9,0
DA:10,0
DA:19,0
DA:20,0
DA:22,0
DA:30,0
DA:31,0
DA:33,0
DA:34,0
DA:38,0
DA:42,0
DA:43,0
DA:46,0
DA:48,0
DA:49,0
DA:50,0
DA:54,0
DA:55,0
DA:56,0
DA:60,0
DA:61,0
DA:62,0
DA:64,0
DA:65,0
DA:66,0
DA:67,0
DA:70,0
DA:71,0
DA:74,0
DA:75,0
DA:76,0
DA:77,0
DA:79,0
LF:36
LH:0
BRDA:33,0,0,0
BRDA:33,0,1,0
BRDA:42,1,0,0
BRDA:42,1,1,0
BRDA:43,2,0,0
BRDA:43,2,1,0
BRDA:46,3,0,0
BRDA:46,3,1,0
BRDA:48,4,0,0
BRDA:54,5,0,0
BRDA:65,6,0,0
BRDA:74,7,0,0
BRDA:74,8,0,0
BRDA:74,8,1,0
BRF:14
BRH:0
end_of_record
TN:
SF:src/cli/commands/new.ts
FN:21,createNewCommand
FN:32,(anonymous_2)
FN:44,handleNewCommand
FN:127,(anonymous_4)
FNF:4
FNH:0
FNDA:0,createNewCommand
FNDA:0,(anonymous_2)
FNDA:0,handleNewCommand
FNDA:0,(anonymous_4)
DA:6,0
DA:7,0
DA:8,0
DA:9,0
DA:10,0
DA:11,0
DA:21,0
DA:22,0
DA:24,0
DA:33,0
DA:34,0
DA:36,0
DA:37,0
DA:41,0
DA:45,0
DA:46,0
DA:48,0
DA:49,0
DA:50,0
DA:54,0
DA:58,0
DA:59,0
DA:63,0
DA:64,0
DA:73,0
DA:74,0
DA:75,0
DA:80,0
DA:81,0
DA:82,0
DA:84,0
DA:86,0
DA:87,0
DA:88,0
DA:89,0
DA:93,0
DA:94,0
DA:95,0
DA:99,0
DA:100,0
DA:101,0
DA:102,0
DA:103,0
DA:104,0
DA:107,0
DA:111,0
DA:112,0
DA:113,0
DA:114,0
DA:115,0
DA:116,0
DA:117,0
DA:120,0
DA:122,0
DA:124,0
DA:125,0
DA:126,0
DA:127,0
DA:129,0
DA:130,0
DA:131,0
DA:134,0
DA:135,0
DA:136,0
DA:137,0
DA:138,0
DA:139,0
DA:141,0
LF:68
LH:0
BRDA:36,0,0,0
BRDA:36,0,1,0
BRDA:45,1,0,0
BRDA:45,1,1,0
BRDA:46,2,0,0
BRDA:46,2,1,0
BRDA:48,3,0,0
BRDA:54,4,0,0
BRDA:54,4,1,0
BRDA:58,5,0,0
BRDA:63,6,0,0
BRDA:73,7,0,0
BRDA:86,8,0,0
BRDA:86,8,1,0
BRDA:88,9,0,0
BRDA:100,10,0,0
BRDA:103,11,0,0
BRDA:107,12,0,0
BRDA:107,12,1,0
BRDA:111,13,0,0
BRDA:129,14,0,0
BRDA:134,15,0,0
BRDA:134,16,0,0
BRDA:134,16,1,0
BRF:24
BRH:0
end_of_record
TN:
SF:src/cli/commands/template.command.ts
FN:19,createTemplateCommand
FN:30,(anonymous_2)
FN:42,handleTemplateCommand
FN:78,handleListTemplates
FN:118,handleCreateTemplate
FN:138,(anonymous_6)
FN:145,(anonymous_7)
FN:210,handleDeleteTemplate
FN:228,(anonymous_9)
FN:271,handleExportTemplate
FN:291,(anonymous_11)
FN:317,handleImportTemplate
FN:359,generateTemplateId
FNF:13
FNH:0
FNDA:0,createTemplateCommand
FNDA:0,(anonymous_2)
FNDA:0,handleTemplateCommand
FNDA:0,handleListTemplates
FNDA:0,handleCreateTemplate
FNDA:0,(anonymous_6)
FNDA:0,(anonymous_7)
FNDA:0,handleDeleteTemplate
FNDA:0,(anonymous_9)
FNDA:0,handleExportTemplate
FNDA:0,(anonymous_11)
FNDA:0,handleImportTemplate
FNDA:0,generateTemplateId
DA:6,0
DA:7,0
DA:8,0
DA:9,0
DA:19,0
DA:20,0
DA:22,0
DA:31,0
DA:32,0
DA:34,0
DA:35,0
DA:39,0
DA:43,0
DA:44,0
DA:45,0
DA:47,0
DA:48,0
DA:49,0
DA:50,0
DA:53,0
DA:55,0
DA:57,0
DA:58,0
DA:60,0
DA:61,0
DA:63,0
DA:64,0
DA:66,0
DA:67,0
DA:69,0
DA:70,0
DA:72,0
DA:73,0
DA:74,0
DA:79,0
DA:81,0
DA:82,0
DA:84,0
DA:85,0
DA:86,0
DA:87,0
DA:90,0
DA:91,0
DA:93,0
DA:94,0
DA:95,0
DA:96,0
DA:98,0
DA:99,0
DA:100,0
DA:101,0
DA:104,0
DA:107,0
DA:109,0
DA:110,0
DA:111,0
DA:113,0
DA:119,0
DA:120,0
DA:122,0
DA:123,0
DA:124,0
DA:125,0
DA:128,0
DA:129,0
DA:133,0
DA:138,0
DA:146,0
DA:147,0
DA:164,0
DA:184,0
DA:185,0
DA:186,0
DA:187,0
DA:190,0
DA:191,0
DA:192,0
DA:193,0
DA:194,0
DA:195,0
DA:197,0
DA:198,0
DA:201,0
DA:202,0
DA:203,0
DA:205,0
DA:211,0
DA:212,0
DA:213,0
DA:215,0
DA:216,0
DA:217,0
DA:218,0
DA:221,0
DA:222,0
DA:225,0
DA:227,0
DA:228,0
DA:230,0
DA:231,0
DA:232,0
DA:235,0
DA:236,0
DA:245,0
DA:246,0
DA:247,0
DA:251,0
DA:252,0
DA:253,0
DA:254,0
DA:255,0
DA:256,0
DA:259,0
DA:260,0
DA:261,0
DA:263,0
DA:264,0
DA:266,0
DA:272,0
DA:273,0
DA:275,0
DA:276,0
DA:277,0
DA:278,0
DA:281,0
DA:283,0
DA:284,0
DA:285,0
DA:288,0
DA:290,0
DA:291,0
DA:293,0
DA:294,0
DA:295,0
DA:298,0
DA:299,0
DA:300,0
DA:301,0
DA:304,0
DA:305,0
DA:306,0
DA:307,0
DA:309,0
DA:310,0
DA:312,0
DA:318,0
DA:319,0
DA:321,0
DA:322,0
DA:323,0
DA:324,0
DA:327,0
DA:328,0
DA:331,0
DA:332,0
DA:333,0
DA:336,0
DA:337,0
DA:338,0
DA:339,0
DA:340,0
DA:341,0
DA:342,0
DA:344,0
DA:345,0
DA:348,0
DA:349,0
DA:350,0
DA:351,0
DA:352,0
DA:354,0
DA:361,0
LF:172
LH:0
BRDA:34,0,0,0
BRDA:34,0,1,0
BRDA:43,1,0,0
BRDA:43,1,1,0
BRDA:44,2,0,0
BRDA:44,2,1,0
BRDA:45,3,0,0
BRDA:45,3,1,0
BRDA:47,4,0,0
BRDA:49,5,0,0
BRDA:55,6,0,0
BRDA:55,6,1,0
BRDA:55,6,2,0
BRDA:55,6,3,0
BRDA:55,6,4,0
BRDA:55,6,5,0
BRDA:79,7,0,0
BRDA:79,7,1,0
BRDA:84,8,0,0
BRDA:98,9,0,0
BRDA:100,10,0,0
BRDA:100,10,1,0
BRDA:109,11,0,0
BRDA:109,11,1,0
BRDA:109,12,0,0
BRDA:109,12,1,0
BRDA:119,13,0,0
BRDA:119,13,1,0
BRDA:120,14,0,0
BRDA:120,14,1,0
BRDA:122,15,0,0
BRDA:128,16,0,0
BRDA:138,17,0,0
BRDA:138,17,1,0
BRDA:147,18,0,0
BRDA:147,18,1,0
BRDA:184,19,0,0
BRDA:197,20,0,0
BRDA:201,21,0,0
BRDA:201,21,1,0
BRDA:201,22,0,0
BRDA:201,22,1,0
BRDA:211,23,0,0
BRDA:211,23,1,0
BRDA:212,24,0,0
BRDA:212,24,1,0
BRDA:213,25,0,0
BRDA:213,25,1,0
BRDA:215,26,0,0
BRDA:221,27,0,0
BRDA:228,28,0,0
BRDA:228,28,1,0
BRDA:230,29,0,0
BRDA:235,30,0,0
BRDA:235,31,0,0
BRDA:235,31,1,0
BRDA:245,32,0,0
BRDA:251,33,0,0
BRDA:263,34,0,0
BRDA:263,34,1,0
BRDA:263,35,0,0
BRDA:263,35,1,0
BRDA:272,36,0,0
BRDA:272,36,1,0
BRDA:273,37,0,0
BRDA:273,37,1,0
BRDA:275,38,0,0
BRDA:281,39,0,0
BRDA:281,39,1,0
BRDA:283,40,0,0
BRDA:291,41,0,0
BRDA:291,41,1,0
BRDA:293,42,0,0
BRDA:298,43,0,0
BRDA:309,44,0,0
BRDA:309,44,1,0
BRDA:309,45,0,0
BRDA:309,45,1,0
BRDA:318,46,0,0
BRDA:318,46,1,0
BRDA:319,47,0,0
BRDA:319,47,1,0
BRDA:321,48,0,0
BRDA:327,49,0,0
BRDA:331,50,0,0
BRDA:344,51,0,0
BRDA:348,52,0,0
BRDA:348,52,1,0
BRDA:348,53,0,0
BRDA:348,53,1,0
BRDA:351,54,0,0
BRDA:351,54,1,0
BRDA:351,55,0,0
BRDA:351,55,1,0
BRF:94
BRH:0
end_of_record
TN:
SF:src/models/scaffold-config.ts
FN:35,(anonymous_0)
FNF:1
FNH:0
FNDA:0,(anonymous_0)
DA:35,0
DA:36,0
DA:37,0
DA:38,0
LF:4
LH:0
BRDA:35,0,0,0
BRDA:35,0,1,0
BRF:2
BRH:0
end_of_record
TN:
SF:src/services/configuration.service.ts
FN:70,(anonymous_9)
FN:75,(anonymous_10)
FN:107,(anonymous_11)
FN:122,(anonymous_12)
FN:130,(anonymous_13)
FN:136,(anonymous_14)
FN:155,(anonymous_15)
FN:190,(anonymous_16)
FN:206,(anonymous_17)
FN:210,(anonymous_18)
FN:235,(anonymous_19)
FN:246,(anonymous_20)
FN:252,(anonymous_21)
FN:287,(anonymous_22)
FN:305,(anonymous_23)
FN:307,(anonymous_24)
FN:314,(anonymous_25)
FN:331,(anonymous_26)
FN:346,(anonymous_27)
FN:363,(anonymous_28)
FN:388,(anonymous_29)
FN:400,(anonymous_30)
FN:403,(anonymous_31)
FNF:23
FNH:0
FNDA:0,(anonymous_9)
FNDA:0,(anonymous_10)
FNDA:0,(anonymous_11)
FNDA:0,(anonymous_12)
FNDA:0,(anonymous_13)
FNDA:0,(anonymous_14)
FNDA:0,(anonymous_15)
FNDA:0,(anonymous_16)
FNDA:0,(anonymous_17)
FNDA:0,(anonymous_18)
FNDA:0,(anonymous_19)
FNDA:0,(anonymous_20)
FNDA:0,(anonymous_21)
FNDA:0,(anonymous_22)
FNDA:0,(anonymous_23)
FNDA:0,(anonymous_24)
FNDA:0,(anonymous_25)
FNDA:0,(anonymous_26)
FNDA:0,(anonymous_27)
FNDA:0,(anonymous_28)
FNDA:0,(anonymous_29)
FNDA:0,(anonymous_30)
FNDA:0,(anonymous_31)
DA:5,0
DA:6,0
DA:7,0
DA:14,0
DA:65,0
DA:66,0
DA:67,0
DA:68,0
DA:71,0
DA:72,0
DA:77,0
DA:78,0
DA:81,0
DA:82,0
DA:83,0
DA:87,0
DA:88,0
DA:89,0
DA:93,0
DA:94,0
DA:95,0
DA:98,0
DA:99,0
DA:100,0
DA:103,0
DA:104,0
DA:108,0
DA:109,0
DA:112,0
DA:113,0
DA:114,0
DA:115,0
DA:118,0
DA:119,0
DA:123,0
DA:124,0
DA:127,0
DA:131,0
DA:132,0
DA:133,0
DA:137,0
DA:139,0
DA:141,0
DA:142,0
DA:144,0
DA:146,0
DA:147,0
DA:149,0
DA:151,0
DA:156,0
DA:158,0
DA:159,0
DA:160,0
DA:162,0
DA:163,0
DA:164,0
DA:165,0
DA:168,0
DA:169,0
DA:172,0
DA:173,0
DA:174,0
DA:178,0
DA:179,0
DA:182,0
DA:183,0
DA:187,0
DA:192,0
DA:193,0
DA:196,0
DA:197,0
DA:199,0
DA:200,0
DA:202,0
DA:207,0
DA:211,0
DA:212,0
DA:213,0
DA:216,0
DA:219,0
DA:220,0
DA:224,0
DA:225,0
DA:229,0
DA:231,0
DA:236,0
DA:237,0
DA:238,0
DA:241,0
DA:242,0
DA:243,0
DA:247,0
DA:248,0
DA:249,0
DA:253,0
DA:261,0
DA:273,0
DA:277,0
DA:289,0
DA:290,0
DA:293,0
DA:295,0
DA:307,0
DA:308,0
DA:309,0
DA:310,0
DA:315,0
DA:317,0
DA:318,0
DA:320,0
DA:321,0
DA:322,0
DA:324,0
DA:328,0
DA:332,0
DA:333,0
DA:335,0
DA:336,0
DA:337,0
DA:338,0
DA:340,0
DA:343,0
DA:349,0
DA:350,0
DA:352,0
DA:355,0
DA:356,0
DA:359,0
DA:365,0
DA:380,0
DA:381,0
DA:382,0
DA:383,0
DA:389,0
DA:401,0
DA:402,0
DA:403,0
DA:405,0
DA:406,0
DA:407,0
DA:408,0
DA:411,0
LF:142
LH:0
BRDA:77,0,0,0
BRDA:81,1,0,0
BRDA:88,2,0,0
BRDA:93,3,0,0
BRDA:95,4,0,0
BRDA:98,5,0,0
BRDA:100,6,0,0
BRDA:108,7,0,0
BRDA:113,8,0,0
BRDA:123,9,0,0
BRDA:124,10,0,0
BRDA:124,10,1,0
BRDA:137,11,0,0
BRDA:137,11,1,0
BRDA:137,11,2,0
BRDA:137,11,3,0
BRDA:141,12,0,0
BRDA:146,13,0,0
BRDA:162,14,0,0
BRDA:162,14,1,0
BRDA:172,15,0,0
BRDA:178,16,0,0
BRDA:178,17,0,0
BRDA:178,17,1,0
BRDA:179,18,0,0
BRDA:179,19,0,0
BRDA:179,19,1,0
BRDA:192,20,0,0
BRDA:211,21,0,0
BRDA:211,21,1,0
BRDA:219,22,0,0
BRDA:224,23,0,0
BRDA:237,24,0,0
BRDA:262,25,0,0
BRDA:262,25,1,0
BRDA:265,26,0,0
BRDA:265,26,1,0
BRDA:268,27,0,0
BRDA:268,27,1,0
BRDA:289,28,0,0
BRDA:289,29,0,0
BRDA:289,29,1,0
BRDA:296,30,0,0
BRDA:296,30,1,0
BRDA:297,31,0,0
BRDA:297,31,1,0
BRDA:298,32,0,0
BRDA:298,32,1,0
BRDA:309,33,0,0
BRDA:309,33,1,0
BRDA:315,34,0,0
BRDA:321,35,0,0
BRDA:321,35,1,0
BRDA:321,36,0,0
BRDA:321,36,1,0
BRDA:321,36,2,0
BRDA:337,37,0,0
BRDA:337,38,0,0
BRDA:337,38,1,0
BRDA:352,39,0,0
BRDA:382,40,0,0
BRDA:391,41,0,0
BRDA:391,41,1,0
BRDA:392,42,0,0
BRDA:392,42,1,0
BRDA:393,43,0,0
BRDA:393,43,1,0
BRDA:401,44,0,0
BRDA:401,45,0,0
BRDA:401,45,1,0
BRDA:402,46,0,0
BRDA:403,47,0,0
BRDA:407,48,0,0
BRF:73
BRH:0
end_of_record
TN:
SF:src/services/file-system.service.ts
FN:178,(anonymous_9)
FN:183,(anonymous_10)
FN:187,(anonymous_11)
FN:191,(anonymous_12)
FN:230,(anonymous_13)
FN:253,(anonymous_14)
FN:289,(anonymous_15)
FN:323,(anonymous_16)
FN:340,(anonymous_17)
FN:349,(anonymous_18)
FN:358,(anonymous_19)
FN:376,(anonymous_20)
FN:404,(anonymous_21)
FN:423,(anonymous_22)
FN:441,(anonymous_23)
FN:480,(anonymous_24)
FN:494,(anonymous_25)
FN:503,(anonymous_26)
FN:512,(anonymous_27)
FN:521,(anonymous_28)
FN:543,(anonymous_29)
FN:559,(anonymous_30)
FN:579,(anonymous_31)
FN:588,(anonymous_32)
FN:626,(anonymous_33)
FN:647,(anonymous_34)
FN:656,(anonymous_35)
FN:678,(anonymous_36)
FN:682,(anonymous_37)
FN:686,(anonymous_38)
FN:690,(anonymous_39)
FN:707,(anonymous_40)
FN:742,(anonymous_41)
FN:755,(anonymous_42)
FN:763,(anonymous_43)
FNF:35
FNH:0
FNDA:0,(anonymous_9)
FNDA:0,(anonymous_10)
FNDA:0,(anonymous_11)
FNDA:0,(anonymous_12)
FNDA:0,(anonymous_13)
FNDA:0,(anonymous_14)
FNDA:0,(anonymous_15)
FNDA:0,(anonymous_16)
FNDA:0,(anonymous_17)
FNDA:0,(anonymous_18)
FNDA:0,(anonymous_19)
FNDA:0,(anonymous_20)
FNDA:0,(anonymous_21)
FNDA:0,(anonymous_22)
FNDA:0,(anonymous_23)
FNDA:0,(anonymous_24)
FNDA:0,(anonymous_25)
FNDA:0,(anonymous_26)
FNDA:0,(anonymous_27)
FNDA:0,(anonymous_28)
FNDA:0,(anonymous_29)
FNDA:0,(anonymous_30)
FNDA:0,(anonymous_31)
FNDA:0,(anonymous_32)
FNDA:0,(anonymous_33)
FNDA:0,(anonymous_34)
FNDA:0,(anonymous_35)
FNDA:0,(anonymous_36)
FNDA:0,(anonymous_37)
FNDA:0,(anonymous_38)
FNDA:0,(anonymous_39)
FNDA:0,(anonymous_40)
FNDA:0,(anonymous_41)
FNDA:0,(anonymous_42)
FNDA:0,(anonymous_43)
DA:5,0
DA:6,0
DA:7,0
DA:173,0
DA:174,0
DA:179,0
DA:180,0
DA:184,0
DA:188,0
DA:192,0
DA:194,0
DA:195,0
DA:196,0
DA:199,0
DA:200,0
DA:201,0
DA:204,0
DA:205,0
DA:208,0
DA:209,0
DA:211,0
DA:212,0
DA:213,0
DA:215,0
DA:218,0
DA:219,0
DA:222,0
DA:231,0
DA:233,0
DA:234,0
DA:235,0
DA:238,0
DA:239,0
DA:241,0
DA:242,0
DA:245,0
DA:254,0
DA:255,0
DA:257,0
DA:258,0
DA:259,0
DA:262,0
DA:263,0
DA:264,0
DA:267,0
DA:268,0
DA:271,0
DA:279,0
DA:281,0
DA:290,0
DA:292,0
DA:293,0
DA:294,0
DA:297,0
DA:298,0
DA:299,0
DA:300,0
DA:302,0
DA:305,0
DA:306,0
DA:308,0
DA:309,0
DA:310,0
DA:311,0
DA:312,0
DA:314,0
DA:317,0
DA:319,0
DA:321,0
DA:322,0
DA:323,0
DA:328,0
DA:330,0
DA:341,0
DA:342,0
DA:343,0
DA:345,0
DA:350,0
DA:351,0
DA:352,0
DA:354,0
DA:359,0
DA:361,0
DA:362,0
DA:363,0
DA:366,0
DA:368,0
DA:377,0
DA:379,0
DA:380,0
DA:381,0
DA:384,0
DA:385,0
DA:386,0
DA:389,0
DA:390,0
DA:393,0
DA:398,0
DA:399,0
DA:400,0
DA:401,0
DA:402,0
DA:404,0
DA:405,0
DA:408,0
DA:411,0
DA:412,0
DA:415,0
DA:424,0
DA:426,0
DA:427,0
DA:428,0
DA:431,0
DA:433,0
DA:442,0
DA:444,0
DA:445,0
DA:446,0
DA:449,0
DA:450,0
DA:451,0
DA:454,0
DA:455,0
DA:458,0
DA:459,0
DA:461,0
DA:462,0
DA:463,0
DA:465,0
DA:468,0
DA:469,0
DA:472,0
DA:481,0
DA:483,0
DA:484,0
DA:486,0
DA:495,0
DA:496,0
DA:497,0
DA:499,0
DA:504,0
DA:505,0
DA:506,0
DA:508,0
DA:513,0
DA:514,0
DA:515,0
DA:517,0
DA:522,0
DA:524,0
DA:525,0
DA:526,0
DA:529,0
DA:530,0
DA:533,0
DA:535,0
DA:544,0
DA:545,0
DA:546,0
DA:548,0
DA:549,0
DA:550,0
DA:553,0
DA:554,0
DA:556,0
DA:559,0
DA:564,0
DA:565,0
DA:566,0
DA:567,0
DA:568,0
DA:569,0
DA:574,0
DA:576,0
DA:579,0
DA:581,0
DA:589,0
DA:591,0
DA:592,0
DA:593,0
DA:596,0
DA:597,0
DA:598,0
DA:601,0
DA:602,0
DA:603,0
DA:606,0
DA:607,0
DA:610,0
DA:611,0
DA:612,0
DA:614,0
DA:615,0
DA:619,0
DA:627,0
DA:628,0
DA:629,0
DA:632,0
DA:633,0
DA:635,0
DA:636,0
DA:637,0
DA:638,0
DA:639,0
DA:640,0
DA:647,0
DA:649,0
DA:657,0
DA:659,0
DA:660,0
DA:661,0
DA:664,0
DA:665,0
DA:666,0
DA:669,0
DA:671,0
DA:679,0
DA:683,0
DA:687,0
DA:691,0
DA:692,0
DA:693,0
DA:696,0
DA:697,0
DA:699,0
DA:708,0
DA:709,0
DA:711,0
DA:712,0
DA:713,0
DA:716,0
DA:717,0
DA:718,0
DA:721,0
DA:722,0
DA:725,0
DA:726,0
DA:729,0
DA:731,0
DA:743,0
DA:745,0
DA:746,0
DA:747,0
DA:748,0
DA:751,0
DA:752,0
DA:755,0
DA:756,0
DA:768,0
DA:771,0
DA:778,0
DA:779,0
DA:782,0
LF:253
LH:0
BRDA:191,0,0,0
BRDA:194,1,0,0
BRDA:200,2,0,0
BRDA:204,3,0,0
BRDA:204,4,0,0
BRDA:204,4,1,0
BRDA:208,5,0,0
BRDA:208,5,1,0
BRDA:212,6,0,0
BRDA:218,7,0,0
BRDA:230,8,0,0
BRDA:233,9,0,0
BRDA:241,10,0,0
BRDA:253,11,0,0
BRDA:257,12,0,0
BRDA:263,13,0,0
BRDA:267,14,0,0
BRDA:289,15,0,0
BRDA:292,16,0,0
BRDA:298,17,0,0
BRDA:299,18,0,0
BRDA:305,19,0,0
BRDA:305,19,1,0
BRDA:310,20,0,0
BRDA:310,20,1,0
BRDA:311,21,0,0
BRDA:311,21,1,0
BRDA:322,22,0,0
BRDA:331,23,0,0
BRDA:331,23,1,0
BRDA:362,24,0,0
BRDA:376,25,0,0
BRDA:379,26,0,0
BRDA:385,27,0,0
BRDA:389,28,0,0
BRDA:389,29,0,0
BRDA:389,29,1,0
BRDA:394,30,0,0
BRDA:394,30,1,0
BRDA:398,31,0,0
BRDA:398,31,1,0
BRDA:411,32,0,0
BRDA:423,33,0,0
BRDA:427,34,0,0
BRDA:441,35,0,0
BRDA:444,36,0,0
BRDA:450,37,0,0
BRDA:454,38,0,0
BRDA:454,39,0,0
BRDA:454,39,1,0
BRDA:458,40,0,0
BRDA:458,40,1,0
BRDA:462,41,0,0
BRDA:468,42,0,0
BRDA:525,43,0,0
BRDA:529,44,0,0
BRDA:548,45,0,0
BRDA:566,46,0,0
BRDA:591,47,0,0
BRDA:597,48,0,0
BRDA:602,49,0,0
BRDA:614,50,0,0
BRDA:628,51,0,0
BRDA:637,52,0,0
BRDA:659,53,0,0
BRDA:665,54,0,0
BRDA:691,55,0,0
BRDA:707,56,0,0
BRDA:711,57,0,0
BRDA:717,58,0,0
BRDA:721,59,0,0
BRDA:725,60,0,0
BRDA:725,61,0,0
BRDA:725,61,1,0
BRDA:742,62,0,0
BRDA:747,63,0,0
BRDA:768,64,0,0
BRDA:768,64,1,0
BRDA:778,65,0,0
BRDA:778,66,0,0
BRDA:778,66,1,0
BRF:81
BRH:0
end_of_record
TN:
SF:src/services/template-service.ts
FN:90,(anonymous_9)
FN:95,(anonymous_10)
FN:138,(anonymous_11)
FN:153,(anonymous_12)
FN:161,(anonymous_13)
FN:167,(anonymous_14)
FN:190,(anonymous_15)
FN:213,(anonymous_16)
FN:232,(anonymous_17)
FN:236,(anonymous_18)
FN:260,(anonymous_19)
FN:270,(anonymous_20)
FN:284,(anonymous_21)
FN:334,(anonymous_22)
FN:365,(anonymous_23)
FN:370,(anonymous_24)
FN:396,(anonymous_25)
FN:428,(anonymous_26)
FN:468,(anonymous_27)
FN:492,(anonymous_28)
FN:504,(anonymous_29)
FN:513,(anonymous_30)
FN:517,(anonymous_31)
FN:518,(anonymous_32)
FN:527,(anonymous_33)
FN:544,(anonymous_34)
FN:547,(anonymous_35)
FNF:27
FNH:0
FNDA:0,(anonymous_9)
FNDA:0,(anonymous_10)
FNDA:0,(anonymous_11)
FNDA:0,(anonymous_12)
FNDA:0,(anonymous_13)
FNDA:0,(anonymous_14)
FNDA:0,(anonymous_15)
FNDA:0,(anonymous_16)
FNDA:0,(anonymous_17)
FNDA:0,(anonymous_18)
FNDA:0,(anonymous_19)
FNDA:0,(anonymous_20)
FNDA:0,(anonymous_21)
FNDA:0,(anonymous_22)
FNDA:0,(anonymous_23)
FNDA:0,(anonymous_24)
FNDA:0,(anonymous_25)
FNDA:0,(anonymous_26)
FNDA:0,(anonymous_27)
FNDA:0,(anonymous_28)
FNDA:0,(anonymous_29)
FNDA:0,(anonymous_30)
FNDA:0,(anonymous_31)
FNDA:0,(anonymous_32)
FNDA:0,(anonymous_33)
FNDA:0,(anonymous_34)
FNDA:0,(anonymous_35)
DA:5,0
DA:6,0
DA:7,0
DA:8,0
DA:86,0
DA:91,0
DA:92,0
DA:96,0
DA:98,0
DA:99,0
DA:100,0
DA:102,0
DA:103,0
DA:104,0
DA:105,0
DA:115,0
DA:119,0
DA:128,0
DA:134,0
DA:139,0
DA:140,0
DA:143,0
DA:145,0
DA:146,0
DA:147,0
DA:150,0
DA:154,0
DA:155,0
DA:158,0
DA:159,0
DA:161,0
DA:162,0
DA:168,0
DA:169,0
DA:170,0
DA:173,0
DA:175,0
DA:176,0
DA:177,0
DA:180,0
DA:181,0
DA:187,0
DA:191,0
DA:192,0
DA:193,0
DA:196,0
DA:198,0
DA:199,0
DA:200,0
DA:203,0
DA:204,0
DA:210,0
DA:214,0
DA:215,0
DA:218,0
DA:220,0
DA:221,0
DA:222,0
DA:225,0
DA:226,0
DA:228,0
DA:233,0
DA:237,0
DA:239,0
DA:240,0
DA:243,0
DA:244,0
DA:247,0
DA:248,0
DA:249,0
DA:250,0
DA:253,0
DA:254,0
DA:257,0
DA:258,0
DA:260,0
DA:261,0
DA:262,0
DA:267,0
DA:268,0
DA:270,0
DA:271,0
DA:272,0
DA:274,0
DA:275,0
DA:280,0
DA:281,0
DA:283,0
DA:284,0
DA:285,0
DA:286,0
DA:287,0
DA:288,0
DA:290,0
DA:293,0
DA:294,0
DA:297,0
DA:298,0
DA:301,0
DA:302,0
DA:307,0
DA:308,0
DA:310,0
DA:311,0
DA:314,0
DA:315,0
DA:318,0
DA:319,0
DA:322,0
DA:323,0
DA:326,0
DA:327,0
DA:330,0
DA:331,0
DA:333,0
DA:334,0
DA:335,0
DA:336,0
DA:337,0
DA:338,0
DA:340,0
DA:343,0
DA:344,0
DA:347,0
DA:348,0
DA:351,0
DA:352,0
DA:358,0
DA:359,0
DA:362,0
DA:366,0
DA:367,0
DA:368,0
DA:370,0
DA:371,0
DA:372,0
DA:375,0
DA:376,0
DA:377,0
DA:380,0
DA:382,0
DA:383,0
DA:384,0
DA:385,0
DA:387,0
DA:392,0
DA:393,0
DA:397,0
DA:398,0
DA:400,0
DA:401,0
DA:404,0
DA:405,0
DA:407,0
DA:412,0
DA:413,0
DA:414,0
DA:415,0
DA:416,0
DA:417,0
DA:418,0
DA:422,0
DA:424,0
DA:429,0
DA:430,0
DA:433,0
DA:434,0
DA:436,0
DA:437,0
DA:440,0
DA:442,0
DA:443,0
DA:444,0
DA:447,0
DA:449,0
DA:450,0
DA:451,0
DA:453,0
DA:454,0
DA:455,0
DA:456,0
DA:457,0
DA:462,0
DA:464,0
DA:469,0
DA:471,0
DA:472,0
DA:475,0
DA:476,0
DA:477,0
DA:479,0
DA:480,0
DA:483,0
DA:485,0
DA:486,0
DA:488,0
DA:493,0
DA:494,0
DA:496,0
DA:497,0
DA:498,0
DA:500,0
DA:505,0
DA:506,0
DA:507,0
DA:509,0
DA:514,0
DA:515,0
DA:516,0
DA:517,0
DA:518,0
DA:520,0
DA:521,0
DA:523,0
DA:528,0
DA:530,0
DA:531,0
DA:532,0
DA:533,0
DA:534,0
DA:537,0
DA:541,0
DA:545,0
DA:547,0
DA:548,0
DA:550,0
DA:551,0
DA:553,0
DA:554,0
DA:555,0
DA:556,0
DA:561,0
DA:562,0
LF:233
LH:0
BRDA:134,0,0,0
BRDA:134,0,1,0
BRDA:139,1,0,0
BRDA:139,2,0,0
BRDA:139,2,1,0
BRDA:146,3,0,0
BRDA:154,4,0,0
BRDA:154,5,0,0
BRDA:154,5,1,0
BRDA:162,6,0,0
BRDA:162,6,1,0
BRDA:169,7,0,0
BRDA:176,8,0,0
BRDA:183,9,0,0
BRDA:183,9,1,0
BRDA:192,10,0,0
BRDA:199,11,0,0
BRDA:214,12,0,0
BRDA:214,13,0,0
BRDA:214,13,1,0
BRDA:221,14,0,0
BRDA:228,15,0,0
BRDA:228,15,1,0
BRDA:239,16,0,0
BRDA:239,17,0,0
BRDA:239,17,1,0
BRDA:243,18,0,0
BRDA:243,19,0,0
BRDA:243,19,1,0
BRDA:247,20,0,0
BRDA:247,20,1,0
BRDA:247,21,0,0
BRDA:247,21,1,0
BRDA:249,22,0,0
BRDA:253,23,0,0
BRDA:253,24,0,0
BRDA:253,24,1,0
BRDA:257,25,0,0
BRDA:257,25,1,0
BRDA:261,26,0,0
BRDA:261,27,0,0
BRDA:261,27,1,0
BRDA:267,28,0,0
BRDA:267,28,1,0
BRDA:271,29,0,0
BRDA:271,30,0,0
BRDA:271,30,1,0
BRDA:274,31,0,0
BRDA:274,32,0,0
BRDA:274,32,1,0
BRDA:280,33,0,0
BRDA:280,33,1,0
BRDA:285,34,0,0
BRDA:285,34,1,0
BRDA:285,35,0,0
BRDA:285,35,1,0
BRDA:287,36,0,0
BRDA:287,36,1,0
BRDA:293,37,0,0
BRDA:293,38,0,0
BRDA:293,38,1,0
BRDA:297,39,0,0
BRDA:301,40,0,0
BRDA:301,41,0,0
BRDA:301,41,1,0
BRDA:307,42,0,0
BRDA:307,42,1,0
BRDA:307,43,0,0
BRDA:307,43,1,0
BRDA:310,44,0,0
BRDA:314,45,0,0
BRDA:318,46,0,0
BRDA:322,47,0,0
BRDA:326,48,0,0
BRDA:330,49,0,0
BRDA:330,49,1,0
BRDA:335,50,0,0
BRDA:335,50,1,0
BRDA:335,51,0,0
BRDA:335,51,1,0
BRDA:337,52,0,0
BRDA:337,52,1,0
BRDA:343,53,0,0
BRDA:343,54,0,0
BRDA:343,54,1,0
BRDA:347,55,0,0
BRDA:347,56,0,0
BRDA:347,56,1,0
BRDA:351,57,0,0
BRDA:358,58,0,0
BRDA:358,59,0,0
BRDA:358,59,1,0
BRDA:371,60,0,0
BRDA:376,61,0,0
BRDA:387,62,0,0
BRDA:387,62,1,0
BRDA:400,63,0,0
BRDA:413,64,0,0
BRDA:424,65,0,0
BRDA:424,65,1,0
BRDA:429,66,0,0
BRDA:436,67,0,0
BRDA:436,68,0,0
BRDA:436,68,1,0
BRDA:443,69,0,0
BRDA:449,70,0,0
BRDA:449,71,0,0
BRDA:449,71,1,0
BRDA:454,72,0,0
BRDA:464,73,0,0
BRDA:464,73,1,0
BRDA:471,74,0,0
BRDA:479,75,0,0
BRDA:485,76,0,0
BRDA:500,77,0,0
BRDA:500,77,1,0
BRDA:509,78,0,0
BRDA:509,78,1,0
BRDA:520,79,0,0
BRDA:533,80,0,0
BRDA:553,81,0,0
BRDA:553,81,1,0
BRDA:555,82,0,0
BRF:123
BRH:0
end_of_record
TN:
SF:src/services/variable-substitution.service.ts
FN:63,(anonymous_0)
FN:65,(anonymous_1)
FN:108,(anonymous_2)
FN:130,(anonymous_3)
FN:134,(anonymous_4)
FN:186,(anonymous_5)
FN:193,(anonymous_6)
FN:199,(anonymous_7)
FN:230,(anonymous_8)
FN:255,(anonymous_9)
FN:266,(anonymous_10)
FN:272,(anonymous_11)
FN:273,(anonymous_12)
FN:274,(anonymous_13)
FN:275,(anonymous_14)
FN:276,(anonymous_15)
FN:277,(anonymous_16)
FN:278,(anonymous_17)
FN:281,(anonymous_18)
FN:282,(anonymous_19)
FN:283,(anonymous_20)
FN:284,(anonymous_21)
FN:285,(anonymous_22)
FN:286,(anonymous_23)
FN:287,(anonymous_24)
FN:288,(anonymous_25)
FN:293,(anonymous_26)
FN:299,(anonymous_27)
FN:316,(anonymous_28)
FN:368,(anonymous_29)
FN:384,(anonymous_30)
FN:387,(anonymous_31)
FN:390,(anonymous_32)
FN:392,(anonymous_33)
FN:393,(anonymous_34)
FN:396,(anonymous_35)
FN:403,(anonymous_36)
FN:410,(anonymous_37)
FN:412,(anonymous_38)
FN:413,(anonymous_39)
FN:416,(anonymous_40)
FNF:41
FNH:0
FNDA:0,(anonymous_0)
FNDA:0,(anonymous_1)
FNDA:0,(anonymous_2)
FNDA:0,(anonymous_3)
FNDA:0,(anonymous_4)
FNDA:0,(anonymous_5)
FNDA:0,(anonymous_6)
FNDA:0,(anonymous_7)
FNDA:0,(anonymous_8)
FNDA:0,(anonymous_9)
FNDA:0,(anonymous_10)
FNDA:0,(anonymous_11)
FNDA:0,(anonymous_12)
FNDA:0,(anonymous_13)
FNDA:0,(anonymous_14)
FNDA:0,(anonymous_15)
FNDA:0,(anonymous_16)
FNDA:0,(anonymous_17)
FNDA:0,(anonymous_18)
FNDA:0,(anonymous_19)
FNDA:0,(anonymous_20)
FNDA:0,(anonymous_21)
FNDA:0,(anonymous_22)
FNDA:0,(anonymous_23)
FNDA:0,(anonymous_24)
FNDA:0,(anonymous_25)
FNDA:0,(anonymous_26)
FNDA:0,(anonymous_27)
FNDA:0,(anonymous_28)
FNDA:0,(anonymous_29)
FNDA:0,(anonymous_30)
FNDA:0,(anonymous_31)
FNDA:0,(anonymous_32)
FNDA:0,(anonymous_33)
FNDA:0,(anonymous_34)
FNDA:0,(anonymous_35)
FNDA:0,(anonymous_36)
FNDA:0,(anonymous_37)
FNDA:0,(anonymous_38)
FNDA:0,(anonymous_39)
FNDA:0,(anonymous_40)
DA:5,0
DA:59,0
DA:60,0
DA:61,0
DA:63,0
DA:66,0
DA:74,0
DA:75,0
DA:77,0
DA:78,0
DA:80,0
DA:81,0
DA:82,0
DA:85,0
DA:86,0
DA:89,0
DA:92,0
DA:93,0
DA:96,0
DA:101,0
DA:102,0
DA:105,0
DA:109,0
DA:110,0
DA:111,0
DA:114,0
DA:115,0
DA:117,0
DA:122,0
DA:131,0
DA:135,0
DA:138,0
DA:139,0
DA:140,0
DA:142,0
DA:143,0
DA:158,0
DA:159,0
DA:160,0
DA:161,0
DA:180,0
DA:183,0
DA:184,0
DA:185,0
DA:186,0
DA:191,0
DA:192,0
DA:193,0
DA:197,0
DA:198,0
DA:199,0
DA:203,0
DA:204,0
DA:206,0
DA:208,0
DA:209,0
DA:210,0
DA:227,0
DA:231,0
DA:232,0
DA:235,0
DA:236,0
DA:237,0
DA:240,0
DA:241,0
DA:245,0
DA:247,0
DA:248,0
DA:252,0
DA:256,0
DA:257,0
DA:259,0
DA:260,0
DA:263,0
DA:267,0
DA:269,0
DA:272,0
DA:273,0
DA:274,0
DA:275,0
DA:276,0
DA:277,0
DA:278,0
DA:281,0
DA:282,0
DA:283,0
DA:284,0
DA:285,0
DA:286,0
DA:287,0
DA:288,0
DA:299,0
DA:301,0
DA:302,0
DA:305,0
DA:306,0
DA:308,0
DA:309,0
DA:311,0
DA:322,0
DA:323,0
DA:324,0
DA:325,0
DA:328,0
DA:329,0
DA:332,0
DA:335,0
DA:336,0
DA:337,0
DA:338,0
DA:343,0
DA:344,0
DA:348,0
DA:349,0
DA:350,0
DA:352,0
DA:356,0
DA:359,0
DA:360,0
DA:361,0
DA:362,0
DA:365,0
DA:370,0
DA:371,0
DA:373,0
DA:374,0
DA:375,0
DA:377,0
DA:381,0
DA:385,0
DA:386,0
DA:387,0
DA:391,0
DA:392,0
DA:393,0
DA:397,0
DA:404,0
DA:411,0
DA:412,0
DA:413,0
DA:421,0
DA:424,0
DA:431,0
DA:432,0
DA:435,0
LF:145
LH:0
BRDA:65,0,0,0
BRDA:85,1,0,0
BRDA:92,2,0,0
BRDA:92,3,0,0
BRDA:92,3,1,0
BRDA:93,4,0,0
BRDA:93,4,1,0
BRDA:101,5,0,0
BRDA:108,6,0,0
BRDA:110,7,0,0
BRDA:130,8,0,0
BRDA:139,9,0,0
BRDA:142,10,0,0
BRDA:142,10,1,0
BRDA:142,11,0,0
BRDA:142,11,1,0
BRDA:142,11,2,0
BRDA:149,12,0,0
BRDA:149,12,1,0
BRDA:153,13,0,0
BRDA:153,13,1,0
BRDA:158,14,0,0
BRDA:160,15,0,0
BRDA:184,16,0,0
BRDA:184,17,0,0
BRDA:184,17,1,0
BRDA:206,18,0,0
BRDA:206,19,0,0
BRDA:206,19,1,0
BRDA:209,20,0,0
BRDA:240,21,0,0
BRDA:247,22,0,0
BRDA:247,23,0,0
BRDA:247,23,1,0
BRDA:259,24,0,0
BRDA:301,25,0,0
BRDA:308,26,0,0
BRDA:309,27,0,0
BRDA:309,27,1,0
BRDA:325,28,0,0
BRDA:325,28,1,0
BRDA:325,29,0,0
BRDA:325,29,1,0
BRDA:325,30,0,0
BRDA:325,30,1,0
BRDA:328,31,0,0
BRDA:328,32,0,0
BRDA:328,32,1,0
BRDA:335,33,0,0
BRDA:337,34,0,0
BRDA:343,35,0,0
BRDA:343,36,0,0
BRDA:343,36,1,0
BRDA:348,37,0,0
BRDA:349,38,0,0
BRDA:359,39,0,0
BRDA:359,39,1,0
BRDA:359,40,0,0
BRDA:359,40,1,0
BRDA:361,41,0,0
BRDA:361,42,0,0
BRDA:361,42,1,0
BRDA:374,43,0,0
BRDA:374,43,1,0
BRDA:374,44,0,0
BRDA:374,44,1,0
BRDA:374,44,2,0
BRDA:387,45,0,0
BRDA:387,45,1,0
BRDA:392,46,0,0
BRDA:392,46,1,0
BRDA:412,47,0,0
BRDA:412,47,1,0
BRDA:421,48,0,0
BRDA:421,48,1,0
BRDA:431,49,0,0
BRDA:431,50,0,0
BRDA:431,50,1,0
BRF:78
BRH:0
end_of_record
